<?xml version="1.0" encoding="UTF-8"?>
<robot generator="Robot 7.3.2 (Python 3.11.0 on win32)" generated="2026-05-06T19:44:58.073855" rpa="false" schemaversion="5">
<suite id="s1" name="AuthorScreen" source="C:\Users\harshvardhan\Downloads\dds-cdsmentor-automation\tests\ui\Mentor-web\AuthorScreen.robot">
<kw name="Run Keywords" owner="BuiltIn" type="SETUP">
<kw name="Login To Mentor Application" owner="Login">
<kw name="Launch Mentor Application" owner="Login">
<kw name="Evaluate" owner="BuiltIn">
<msg time="2026-05-06T19:45:02.212191" level="INFO">${options} = &lt;selenium.webdriver.chrome.options.Options object at 0x000001FA7CDE1710&gt;</msg>
<var>${options}</var>
<arg>selenium.webdriver.ChromeOptions()</arg>
<arg>modules=selenium.webdriver</arg>
<doc>Evaluates the given expression in Python and returns the result.</doc>
<status status="PASS" start="2026-05-06T19:45:02.212191" elapsed="0.000000"/>
</kw>
<kw name="Call Method" owner="BuiltIn">
<arg>${options}</arg>
<arg>add_argument</arg>
<arg>window-size\=1920,1080</arg>
<doc>Calls the named method of the given object with the provided arguments.</doc>
<status status="PASS" start="2026-05-06T19:45:02.212191" elapsed="0.000000"/>
</kw>
<kw name="Call Method" owner="BuiltIn">
<arg>${options}</arg>
<arg>add_argument</arg>
<arg>--no-sandbox</arg>
<doc>Calls the named method of the given object with the provided arguments.</doc>
<status status="PASS" start="2026-05-06T19:45:02.213232" elapsed="0.000000"/>
</kw>
<kw name="Call Method" owner="BuiltIn">
<arg>${options}</arg>
<arg>add_argument</arg>
<arg>--disable-dev-shm-usage</arg>
<doc>Calls the named method of the given object with the provided arguments.</doc>
<status status="PASS" start="2026-05-06T19:45:02.213232" elapsed="0.000000"/>
</kw>
<kw name="Call Method" owner="BuiltIn">
<arg>${options}</arg>
<arg>add_argument</arg>
<arg>--disable-notifications</arg>
<doc>Calls the named method of the given object with the provided arguments.</doc>
<status status="PASS" start="2026-05-06T19:45:02.213232" elapsed="0.000000"/>
</kw>
<kw name="Call Method" owner="BuiltIn">
<arg>${options}</arg>
<arg>add_argument</arg>
<arg>--disable-gpu</arg>
<doc>Calls the named method of the given object with the provided arguments.</doc>
<status status="PASS" start="2026-05-06T19:45:02.213232" elapsed="0.000942"/>
</kw>
<kw name="Log" owner="BuiltIn">
<msg time="2026-05-06T19:45:02.214174" level="INFO">alias=None</msg>
<arg>alias=${browser_alias}</arg>
<doc>Logs the given message with the given level.</doc>
<status status="PASS" start="2026-05-06T19:45:02.214174" elapsed="0.000000"/>
</kw>
<kw name="Open Browser" owner="SeleniumLibrary">
<msg time="2026-05-06T19:45:02.214174" level="INFO">Opening browser 'chrome' to base url 'https://mentor-uat3.cdsvisual.net'.</msg>
<arg>${Url}</arg>
<arg>chrome</arg>
<arg>options=${options}</arg>
<arg>alias=${browser_alias}</arg>
<doc>Opens a new browser instance to the optional ``url``.</doc>
<status status="PASS" start="2026-05-06T19:45:02.214174" elapsed="8.849677"/>
</kw>
<kw name="Maximize Browser Window" owner="SeleniumLibrary">
<doc>Maximizes current browser window.</doc>
<status status="PASS" start="2026-05-06T19:45:11.064822" elapsed="0.620812"/>
</kw>
<arg>${browser_alias}</arg>
<status status="PASS" start="2026-05-06T19:45:02.211232" elapsed="9.474402"/>
</kw>
<kw name="Verify Base Sign In Page" owner="Login">
<kw name="Wait Until Element Is Visible" owner="SeleniumLibrary">
<arg>${EmailField}</arg>
<arg>${MaxTime}</arg>
<doc>Waits until the element ``locator`` is visible.</doc>
<status status="PASS" start="2026-05-06T19:45:11.686637" elapsed="0.074003"/>
</kw>
<kw name="Input Text" owner="SeleniumLibrary">
<msg time="2026-05-06T19:45:11.762640" level="INFO">Typing text 'uatautoauthor1@mailinator.com' into text field '//input[@type="email"] | //input[@id="signInName"]'.</msg>
<arg>${EmailField}</arg>
<arg>${Email}</arg>
<doc>Types the given ``text`` into the text field identified by ``locator``.</doc>
<status status="PASS" start="2026-05-06T19:45:11.761639" elapsed="0.267988"/>
</kw>
<kw name="Select Checkbox" owner="SeleniumLibrary">
<msg time="2026-05-06T19:45:12.030658" level="INFO">Selecting checkbox '//input[@name="eula"]'.</msg>
<arg>${Eula}</arg>
<doc>Selects the checkbox identified by ``locator``.</doc>
<status status="PASS" start="2026-05-06T19:45:12.029627" elapsed="0.271014"/>
</kw>
<kw name="Wait Until Element Is Visible" owner="SeleniumLibrary">
<arg>${EULALink}</arg>
<arg>${MaxTime}</arg>
<doc>Waits until the element ``locator`` is visible.</doc>
<status status="PASS" start="2026-05-06T19:45:12.302123" elapsed="0.071660"/>
</kw>
<kw name="Wait Until Element Is Visible" owner="SeleniumLibrary">
<arg>${EulaText}</arg>
<arg>${MaxTime}</arg>
<doc>Waits until the element ``locator`` is visible.</doc>
<status status="PASS" start="2026-05-06T19:45:12.373783" elapsed="0.053303"/>
</kw>
<arg>${UserEmail}</arg>
<status status="PASS" start="2026-05-06T19:45:11.686637" elapsed="0.740449"/>
</kw>
<kw name="Click On Sign In" owner="Login">
<kw name="Click Element" owner="SeleniumLibrary">
<msg time="2026-05-06T19:45:12.430082" level="INFO">Clicking element '//button[text()="Sign In"]| //button[@id="next"]'.</msg>
<arg>${SignIn_Button}</arg>
<doc>Click the element identified by ``locator``.</doc>
<status status="PASS" start="2026-05-06T19:45:12.429086" elapsed="0.223574"/>
</kw>
<status status="PASS" start="2026-05-06T19:45:12.428118" elapsed="0.224542"/>
</kw>
<kw name="Verify Main Sign In page" owner="Login">
<kw name="Wait Until Element Is Visible" owner="SeleniumLibrary">
<arg>${CompanyLogo}</arg>
<arg>${MaxTime}</arg>
<doc>Waits until the element ``locator`` is visible.</doc>
<status status="PASS" start="2026-05-06T19:45:12.654656" elapsed="4.557527"/>
</kw>
<kw name="Element Should Be Visible" owner="SeleniumLibrary">
<msg time="2026-05-06T19:45:17.288641" level="INFO">Element '//input[@id="password"]' is displayed.</msg>
<arg>${password}</arg>
<doc>Verifies that the element identified by ``locator`` is visible.</doc>
<status status="PASS" start="2026-05-06T19:45:17.213183" elapsed="0.075458"/>
</kw>
<kw name="Input Text" owner="SeleniumLibrary">
<msg time="2026-05-06T19:45:17.289633" level="INFO">Typing text 'uatautoauthor1@mailinator.com' into text field '//input[@type="email"] | //input[@id="signInName"]'.</msg>
<arg>${EmailField}</arg>
<arg>${Email}</arg>
<doc>Types the given ``text`` into the text field identified by ``locator``.</doc>
<status status="PASS" start="2026-05-06T19:45:17.289633" elapsed="0.367693"/>
</kw>
<kw name="Input Text" owner="SeleniumLibrary">
<msg time="2026-05-06T19:45:17.658325" level="INFO">Typing text 'qwertyuiop12@A' into text field '//input[@id="password"]'.</msg>
<arg>${password}</arg>
<arg>${UserPassword}</arg>
<doc>Types the given ``text`` into the text field identified by ``locator``.</doc>
<status status="PASS" start="2026-05-06T19:45:17.657326" elapsed="0.304960"/>
</kw>
<kw name="Double Click Element" owner="SeleniumLibrary">
<msg time="2026-05-06T19:45:17.964286" level="INFO">Double clicking element '//button[text()="Sign In"]| //button[@id="next"]'.</msg>
<arg>${SignIn_Button}</arg>
<doc>Double clicks the element identified by ``locator``.</doc>
<status status="PASS" start="2026-05-06T19:45:17.963287" elapsed="0.378027"/>
</kw>
<kw name="wait for the page to load" owner="Common">
<kw name="Run Keyword And Ignore Error" owner="BuiltIn">
<kw name="Wait Until Element Is Visible" owner="SeleniumLibrary">
<arg>${LoadingBar}</arg>
<doc>Waits until the element ``locator`` is visible.</doc>
<status status="PASS" start="2026-05-06T19:45:18.344297" elapsed="5.568928"/>
</kw>
<arg>Wait Until Element Is Visible</arg>
<arg>${LoadingBar}</arg>
<doc>Runs the given keyword with the given arguments and ignores possible error.</doc>
<status status="PASS" start="2026-05-06T19:45:18.343298" elapsed="5.569927"/>
</kw>
<kw name="Run Keyword And Ignore Error" owner="BuiltIn">
<kw name="Wait Until Element Is Not Visible" owner="SeleniumLibrary">
<msg time="2026-05-06T19:45:26.254343" level="INFO">Suppressing StaleElementReferenceException from Selenium.</msg>
<arg>${LoadingBar}</arg>
<arg>120s</arg>
<doc>Waits until the element ``locator`` is not visible.</doc>
<status status="PASS" start="2026-05-06T19:45:23.915228" elapsed="2.822532"/>
</kw>
<arg>Wait Until Element Is Not Visible</arg>
<arg>${LoadingBar}</arg>
<arg>120s</arg>
<doc>Runs the given keyword with the given arguments and ignores possible error.</doc>
<status status="PASS" start="2026-05-06T19:45:23.914228" elapsed="2.825535"/>
</kw>
<status status="PASS" start="2026-05-06T19:45:18.342297" elapsed="8.397466"/>
</kw>
<arg>${UserEmail}</arg>
<arg>${UserPassword}</arg>
<status status="PASS" start="2026-05-06T19:45:12.653655" elapsed="14.087102"/>
</kw>
<arg>${AUTHOR1_EMAIL}</arg>
<arg>${AUTHOR1_PASS}</arg>
<status status="PASS" start="2026-05-06T19:45:02.210188" elapsed="24.530569"/>
</kw>
<kw name="Set Selenium Speed" owner="SeleniumLibrary">
<arg>0.1</arg>
<doc>Sets the delay that is waited after each Selenium command.</doc>
<status status="PASS" start="2026-05-06T19:45:26.741772" elapsed="0.000995"/>
</kw>
<arg>Login To Mentor Application</arg>
<arg>${AUTHOR1_EMAIL}</arg>
<arg>${AUTHOR1_PASS}</arg>
<arg>AND</arg>
<arg>Set Selenium Speed</arg>
<arg>0.1</arg>
<doc>Executes all the given keywords in a sequence.</doc>
<status status="PASS" start="2026-05-06T19:45:02.210188" elapsed="24.532579"/>
</kw>
<test id="s1-t1" name="Verify that the Author can edit an existing troubleshooting entry." line="533">
<kw name="When User Clicks on Add Button On Procedures List Page" owner="AuthorScreen">
<kw name="Wait Until Element Is Not Visible" owner="SeleniumLibrary">
<arg>${LoadingBar}</arg>
<arg>${MaxTime}</arg>
<doc>Waits until the element ``locator`` is not visible.</doc>
<status status="PASS" start="2026-05-06T19:45:26.749752" elapsed="0.157206"/>
</kw>
<kw name="Wait Until Keyword Succeeds" owner="BuiltIn">
<kw name="Click Element By JS" owner="Common">
<kw name="Catenate" owner="BuiltIn">
<msg time="2026-05-06T19:45:26.912976" level="INFO">${js} = let xpath = "//button//span[normalize-space()='Add New']"; let el = document.evaluate(xpath, document, null, XPathResult.FIRST_ORDERED_NODE_TYPE, null).singleNodeValue; if (el) el.click();</msg>
<var>${js}</var>
<arg>let xpath = "${xpath}";</arg>
<arg>let el = document.evaluate(xpath, document, null, XPathResult.FIRST_ORDERED_NODE_TYPE, null).singleNodeValue;</arg>
<arg>if (el) el.click();</arg>
<doc>Catenates the given items together and returns the resulted string.</doc>
<status status="PASS" start="2026-05-06T19:45:26.910980" elapsed="0.001996"/>
</kw>
<kw name="Execute Javascript" owner="SeleniumLibrary">
<msg time="2026-05-06T19:45:26.914972" level="INFO">Executing JavaScript:
let xpath = "//button//span[normalize-space()='Add New']"; let el = document.evaluate(xpath, document, null, XPathResult.FIRST_ORDERED_NODE_TYPE, null).singleNodeValue; if (el) el.click();
Without any arguments.</msg>
<arg>${js}</arg>
<doc>Executes the given JavaScript code with possible arguments.</doc>
<status status="PASS" start="2026-05-06T19:45:26.912976" elapsed="0.181667"/>
</kw>
<arg>${ADD_BUTTON_ON_PROCEDURE_LIST_PAGE}</arg>
<status status="PASS" start="2026-05-06T19:45:26.908996" elapsed="0.186668"/>
</kw>
<arg>10s</arg>
<arg>2s</arg>
<arg>Click Element By JS</arg>
<arg>${ADD_BUTTON_ON_PROCEDURE_LIST_PAGE}</arg>
<doc>Runs the specified keyword and retries if it fails.</doc>
<status status="PASS" start="2026-05-06T19:45:26.907984" elapsed="0.187680"/>
</kw>
<kw name="Run Keyword And Return Status" owner="BuiltIn">
<kw name="Wait Until Element Is Visible" owner="SeleniumLibrary">
<arg>${PROCEDURE_OPTION}</arg>
<doc>Waits until the element ``locator`` is visible.</doc>
<status status="PASS" start="2026-05-06T19:45:27.097667" elapsed="0.288008"/>
</kw>
<msg time="2026-05-06T19:45:27.385675" level="INFO">${status} = True</msg>
<var>${status}</var>
<arg>Wait Until Element Is Visible</arg>
<arg>${PROCEDURE_OPTION}</arg>
<doc>Runs the given keyword with given arguments and returns the status as a Boolean value.</doc>
<status status="PASS" start="2026-05-06T19:45:27.096665" elapsed="0.289010"/>
</kw>
<if>
<branch type="IF" condition="not ${status}">
<kw name="Wait Until Keyword Succeeds" owner="BuiltIn">
<arg>10s</arg>
<arg>2s</arg>
<arg>Click Element</arg>
<arg>${ADD_BUTTON_ON_PROCEDURE_LIST_PAGE}</arg>
<doc>Runs the specified keyword and retries if it fails.</doc>
<status status="NOT RUN" start="2026-05-06T19:45:27.386696" elapsed="0.000994"/>
</kw>
<status status="NOT RUN" start="2026-05-06T19:45:27.386696" elapsed="0.000994"/>
</branch>
<status status="PASS" start="2026-05-06T19:45:27.386696" elapsed="0.000994"/>
</if>
<kw name="Select The Procedure Option On Procedure List Page" owner="AuthorScreen">
<kw name="Wait For The Element And Click" owner="Common">
<kw name="Run Keyword And Ignore Error" owner="BuiltIn">
<kw name="Wait Until Element Is Visible" owner="SeleniumLibrary">
<arg>${locator}</arg>
<arg>${Max_limit}</arg>
<doc>Waits until the element ``locator`` is visible.</doc>
<status status="PASS" start="2026-05-06T19:45:27.393690" elapsed="0.276049"/>
</kw>
<arg>Wait Until Element Is Visible</arg>
<arg>${locator}</arg>
<arg>${Max_limit}</arg>
<doc>Runs the given keyword with the given arguments and ignores possible error.</doc>
<status status="PASS" start="2026-05-06T19:45:27.390699" elapsed="0.279040"/>
</kw>
<kw name="Wait Until Keyword Succeeds" owner="BuiltIn">
<kw name="Click Element" owner="SeleniumLibrary">
<msg time="2026-05-06T19:45:27.672960" level="INFO">Clicking element '//div[@role="menuitem"]//span[normalize-space()='Procedure']'.</msg>
<arg>${locator}</arg>
<doc>Click the element identified by ``locator``.</doc>
<status status="PASS" start="2026-05-06T19:45:27.671949" elapsed="0.627942"/>
</kw>
<arg>10x</arg>
<arg>2s</arg>
<arg>Click Element</arg>
<arg>${locator}</arg>
<doc>Runs the specified keyword and retries if it fails.</doc>
<status status="PASS" start="2026-05-06T19:45:27.670948" elapsed="0.628943"/>
</kw>
<arg>${PROCEDURE_OPTION}</arg>
<doc>To Wait For The Element And Click</doc>
<status status="PASS" start="2026-05-06T19:45:27.389694" elapsed="0.910197"/>
</kw>
<doc>To Select The Procedure Option On Procedure List Page</doc>
<status status="PASS" start="2026-05-06T19:45:27.387690" elapsed="0.912201"/>
</kw>
<status status="PASS" start="2026-05-06T19:45:26.748758" elapsed="1.552153"/>
</kw>
<kw name="And User Lands on Add New Procedure Page" owner="AuthorScreen">
<kw name="Wait Until Element Is Not Visible" owner="SeleniumLibrary">
<msg time="2026-05-06T19:45:28.599860" level="INFO">Suppressing StaleElementReferenceException from Selenium.</msg>
<msg time="2026-05-06T19:45:29.067692" level="INFO">Suppressing StaleElementReferenceException from Selenium.</msg>
<arg>${LoadingBar}</arg>
<arg>${MaxTime}</arg>
<doc>Waits until the element ``locator`` is not visible.</doc>
<status status="PASS" start="2026-05-06T19:45:28.302933" elapsed="1.096328"/>
</kw>
<kw name="Sleep" owner="BuiltIn">
<msg time="2026-05-06T19:45:32.400901" level="INFO">Slept 3 seconds.</msg>
<arg>3s</arg>
<doc>Pauses the test executed for the given time.</doc>
<status status="PASS" start="2026-05-06T19:45:29.399261" elapsed="3.001640"/>
</kw>
<kw name="Page Should Contain Element" owner="SeleniumLibrary">
<msg time="2026-05-06T19:45:32.527242" level="INFO">Current page contains element '//div[contains(@class, "option selectable")]'.</msg>
<arg>${GENERAL_DETAILS_SECTION}</arg>
<arg>${MaxTime}</arg>
<doc>Verifies that element ``locator`` is found on the current page.</doc>
<status status="PASS" start="2026-05-06T19:45:32.400901" elapsed="0.126341"/>
</kw>
<status status="PASS" start="2026-05-06T19:45:28.301909" elapsed="4.225333"/>
</kw>
<kw name="And User Adds General Details" owner="AuthorScreen">
<kw name="Generate Unique Number" owner="AuthorScreen">
<kw name="Generate Random String" owner="String">
<msg time="2026-05-06T19:45:32.529768" level="INFO">${UniqueNumbertest} = NjuN60aP</msg>
<var>${UniqueNumbertest}</var>
<doc>Generates a string with a desired ``length`` from the given ``chars``.</doc>
<status status="PASS" start="2026-05-06T19:45:32.529768" elapsed="0.000000"/>
</kw>
<kw name="Set Global Variable" owner="BuiltIn">
<msg time="2026-05-06T19:45:32.530770" level="INFO">${UniqueNumbertest} = NjuN60aP</msg>
<arg>${UniqueNumbertest}</arg>
<doc>Makes a variable available globally in all tests and suites.</doc>
<status status="PASS" start="2026-05-06T19:45:32.530770" elapsed="0.000000"/>
</kw>
<status status="PASS" start="2026-05-06T19:45:32.528761" elapsed="0.002009"/>
</kw>
<kw name="Wait Until Element Is Visible" owner="SeleniumLibrary">
<arg>${Name_input}</arg>
<doc>Waits until the element ``locator`` is visible.</doc>
<status status="PASS" start="2026-05-06T19:45:32.530770" elapsed="0.265665"/>
</kw>
<kw name="Click Element" owner="SeleniumLibrary">
<msg time="2026-05-06T19:45:32.796949" level="INFO">Clicking element '(//input[@placeholder= "Name"])|(//input[@placeholder= "Procedure Name"])'.</msg>
<arg>${Name_input}</arg>
<doc>Click the element identified by ``locator``.</doc>
<status status="PASS" start="2026-05-06T19:45:32.796949" elapsed="0.349010"/>
</kw>
<kw name="Input Text" owner="SeleniumLibrary">
<msg time="2026-05-06T19:45:33.148067" level="INFO">Typing text 'Pro-NjuN60aP' into text field '(//input[@placeholder= "Name"])|(//input[@placeholder= "Procedure Name"])'.</msg>
<arg>${Name_input}</arg>
<arg>Pro-${UniqueNumberTest}</arg>
<doc>Types the given ``text`` into the text field identified by ``locator``.</doc>
<status status="PASS" start="2026-05-06T19:45:33.147066" elapsed="0.458672"/>
</kw>
<variable name="${TD_PROCEDURE_NAME}">
<msg time="2026-05-06T19:45:33.606395" level="INFO">${TD_PROCEDURE_NAME} = Pro-NjuN60aP</msg>
<var>Pro-${UniqueNumberTest}</var>
<status status="PASS" start="2026-05-06T19:45:33.605738" elapsed="0.000657"/>
</variable>
<kw name="Set Test Variable" owner="BuiltIn">
<msg time="2026-05-06T19:45:33.607518" level="INFO">${TD_PROCEDURE_NAME} = Pro-NjuN60aP</msg>
<arg>${TD_PROCEDURE_NAME}</arg>
<doc>Makes a variable available everywhere within the scope of the current test.</doc>
<status status="PASS" start="2026-05-06T19:45:33.606395" elapsed="0.001123"/>
</kw>
<kw name="Click Element" owner="SeleniumLibrary">
<msg time="2026-05-06T19:45:33.608406" level="INFO">Clicking element '(//input[@placeholder= "Name"])|(//input[@placeholder= "Procedure Name"])'.</msg>
<arg>${Name_input}</arg>
<doc>Click the element identified by ``locator``.</doc>
<status status="PASS" start="2026-05-06T19:45:33.608406" elapsed="0.470614"/>
</kw>
<kw name="Input Text" owner="SeleniumLibrary">
<msg time="2026-05-06T19:45:34.079534" level="INFO">Typing text 'MAT-NjuN60aP' into text field '//input[@placeholder= "Material Ids"]'.</msg>
<arg>${Material_Number}</arg>
<arg>MAT-${UniqueNumberTest}</arg>
<doc>Types the given ``text`` into the text field identified by ``locator``.</doc>
<status status="PASS" start="2026-05-06T19:45:34.079534" elapsed="0.544954"/>
</kw>
<if>
<branch type="IF" condition="'${VERIFY_DUPLICATE_MAT_NUM}'=='True'">
<kw name="Click Element" owner="SeleniumLibrary">
<arg>${Name_input}</arg>
<doc>Click the element identified by ``locator``.</doc>
<status status="NOT RUN" start="2026-05-06T19:45:34.625500" elapsed="0.000000"/>
</kw>
<kw name="Sleep" owner="BuiltIn">
<arg>2s</arg>
<doc>Pauses the test executed for the given time.</doc>
<status status="NOT RUN" start="2026-05-06T19:45:34.625500" elapsed="0.000000"/>
</kw>
<kw name="Input Text" owner="SeleniumLibrary">
<arg>${Material_Number}</arg>
<arg>MAT-${UniqueNumberTest}</arg>
<doc>Types the given ``text`` into the text field identified by ``locator``.</doc>
<status status="NOT RUN" start="2026-05-06T19:45:34.625500" elapsed="0.000000"/>
</kw>
<kw name="Click Element" owner="SeleniumLibrary">
<arg>${Name_input}</arg>
<doc>Click the element identified by ``locator``.</doc>
<status status="NOT RUN" start="2026-05-06T19:45:34.625500" elapsed="0.000000"/>
</kw>
<kw name="Sleep" owner="BuiltIn">
<arg>2s</arg>
<doc>Pauses the test executed for the given time.</doc>
<status status="NOT RUN" start="2026-05-06T19:45:34.625500" elapsed="0.000000"/>
</kw>
<kw name="Get Element Attribute" owner="SeleniumLibrary">
<var>${TEMP}</var>
<arg>${Material_Number}</arg>
<arg>text</arg>
<doc>Returns the value of ``attribute`` from the element ``locator``.</doc>
<status status="NOT RUN" start="2026-05-06T19:45:34.627007" elapsed="0.000000"/>
</kw>
<kw name="Log" owner="BuiltIn">
<arg>${TEMP}</arg>
<doc>Logs the given message with the given level.</doc>
<status status="NOT RUN" start="2026-05-06T19:45:34.627007" elapsed="0.000000"/>
</kw>
<status status="NOT RUN" start="2026-05-06T19:45:34.624488" elapsed="0.002519"/>
</branch>
<status status="PASS" start="2026-05-06T19:45:34.624488" elapsed="0.002519"/>
</if>
<variable name="${TD_MATERIAL_NUMBER}">
<msg time="2026-05-06T19:45:34.627007" level="INFO">${TD_MATERIAL_NUMBER} = MAT-NjuN60aP</msg>
<var>MAT-${UniqueNumberTest}</var>
<status status="PASS" start="2026-05-06T19:45:34.627007" elapsed="0.000000"/>
</variable>
<kw name="Set Test Variable" owner="BuiltIn">
<msg time="2026-05-06T19:45:34.628015" level="INFO">${TD_MATERIAL_NUMBER} = MAT-NjuN60aP</msg>
<arg>${TD_MATERIAL_NUMBER}</arg>
<doc>Makes a variable available everywhere within the scope of the current test.</doc>
<status status="PASS" start="2026-05-06T19:45:34.628015" elapsed="0.000000"/>
</kw>
<kw name="Click Element" owner="SeleniumLibrary">
<msg time="2026-05-06T19:45:34.629015" level="INFO">Clicking element '(//input[@placeholder="Document Id"])'.</msg>
<arg>${DOCUMENT_ID_INPUT}</arg>
<doc>Click the element identified by ``locator``.</doc>
<status status="PASS" start="2026-05-06T19:45:34.628015" elapsed="0.337089"/>
</kw>
<variable name="${TD_DOCUMENT_ID}">
<msg time="2026-05-06T19:45:34.965104" level="INFO">${TD_DOCUMENT_ID} = DOCID-NjuN60aP</msg>
<var>DOCID-${UniqueNumberTest}</var>
<status status="PASS" start="2026-05-06T19:45:34.965104" elapsed="0.000000"/>
</variable>
<kw name="Set Test Variable" owner="BuiltIn">
<msg time="2026-05-06T19:45:34.966575" level="INFO">${TD_DOCUMENT_ID} = DOCID-NjuN60aP</msg>
<arg>${TD_DOCUMENT_ID}</arg>
<doc>Makes a variable available everywhere within the scope of the current test.</doc>
<status status="PASS" start="2026-05-06T19:45:34.965104" elapsed="0.001471"/>
</kw>
<if>
<branch type="IF" condition="'${FORM_FILLING}'=='FREE_FORM'">
<kw name="Element Text Should Be" owner="SeleniumLibrary">
<arg>${DOCUMENT_ID_INPUT}</arg>
<arg>${EMPTY}</arg>
<doc>Verifies that element ``locator`` contains exact the text ``expected``.</doc>
<status status="NOT RUN" start="2026-05-06T19:45:34.967594" elapsed="0.000000"/>
</kw>
<status status="NOT RUN" start="2026-05-06T19:45:34.966575" elapsed="0.001019"/>
</branch>
<branch type="ELSE IF" condition="'${FORM_FILLING}'=='AUTO_GENERATE'">
<if>
<branch type="IF" condition="'${AUTO_GENERATE}'=='PREFIX'">
<if>
<branch type="IF" condition="'${CHANGES_REVERTED}'=='True'">
<kw name="Run Keyword And Return Status" owner="BuiltIn">
<var>${STATUS}</var>
<arg>Element Attribute Value Should Be</arg>
<arg>${DOCUMENT_ID_INPUT}</arg>
<arg>value</arg>
<arg>MAT-${TD_MATERIAL_NUMBER}</arg>
<doc>Runs the given keyword with given arguments and returns the status as a Boolean value.</doc>
<status status="NOT RUN" start="2026-05-06T19:45:34.968583" elapsed="0.000000"/>
</kw>
<kw name="Should Not Be True" owner="BuiltIn">
<arg>${STATUS}</arg>
<doc>Fails if the given condition is true.</doc>
<status status="NOT RUN" start="2026-05-06T19:45:34.968583" elapsed="0.000000"/>
</kw>
<status status="NOT RUN" start="2026-05-06T19:45:34.968583" elapsed="0.000000"/>
</branch>
<branch type="ELSE IF" condition="'${BLANK_PREFIX_SUFFIX_VALUE}'=='True'">
<kw name="Get Element Attribute" owner="SeleniumLibrary">
<var>${EXTRACTED_VALUE}</var>
<arg>${DOCUMENT_ID_INPUT}</arg>
<arg>value</arg>
<doc>Returns the value of ``attribute`` from the element ``locator``.</doc>
<status status="NOT RUN" start="2026-05-06T19:45:34.968583" elapsed="0.001001"/>
</kw>
<kw name="Should Not Contain" owner="BuiltIn">
<arg>${EXTRACTED_VALUE}</arg>
<arg>MAT-${TD_MATERIAL_NUMBER}</arg>
<doc>Fails if ``container`` contains ``item`` one or more times.</doc>
<status status="NOT RUN" start="2026-05-06T19:45:34.969584" elapsed="0.000000"/>
</kw>
<status status="NOT RUN" start="2026-05-06T19:45:34.968583" elapsed="0.001001"/>
</branch>
<branch type="ELSE">
<kw name="Element Attribute Value Should Be" owner="SeleniumLibrary">
<arg>${DOCUMENT_ID_INPUT}</arg>
<arg>value</arg>
<arg>MAT-${TD_MATERIAL_NUMBER}</arg>
<doc>Verifies element identified by ``locator`` contains expected attribute value.</doc>
<status status="NOT RUN" start="2026-05-06T19:45:34.969584" elapsed="0.001022"/>
</kw>
<status status="NOT RUN" start="2026-05-06T19:45:34.969584" elapsed="0.001022"/>
</branch>
<status status="NOT RUN" start="2026-05-06T19:45:34.968583" elapsed="0.002023"/>
</if>
<status status="NOT RUN" start="2026-05-06T19:45:34.968583" elapsed="0.002023"/>
</branch>
<branch type="ELSE IF" condition="'${AUTO_GENERATE}'=='SUFFIX'">
<if>
<branch type="IF" condition="'${CHANGES_REVERTED}'=='True'">
<kw name="Run Keyword And Return Status" owner="BuiltIn">
<var>${STATUS}</var>
<arg>Element Attribute Value Should Be</arg>
<arg>${DOCUMENT_ID_INPUT}</arg>
<arg>value</arg>
<arg>${TD_MATERIAL_NUMBER}-MAT</arg>
<doc>Runs the given keyword with given arguments and returns the status as a Boolean value.</doc>
<status status="NOT RUN" start="2026-05-06T19:45:34.970606" elapsed="0.000000"/>
</kw>
<kw name="Should Not Be True" owner="BuiltIn">
<arg>${STATUS}</arg>
<doc>Fails if the given condition is true.</doc>
<status status="NOT RUN" start="2026-05-06T19:45:34.971602" elapsed="0.000000"/>
</kw>
<status status="NOT RUN" start="2026-05-06T19:45:34.970606" elapsed="0.000996"/>
</branch>
<branch type="ELSE IF" condition="'${BLANK_PREFIX_SUFFIX_VALUE}'=='True'">
<kw name="Get Element Attribute" owner="SeleniumLibrary">
<var>${EXTRACTED_VALUE}</var>
<arg>${DOCUMENT_ID_INPUT}</arg>
<arg>value</arg>
<doc>Returns the value of ``attribute`` from the element ``locator``.</doc>
<status status="NOT RUN" start="2026-05-06T19:45:34.971602" elapsed="0.000000"/>
</kw>
<kw name="Should Not Contain" owner="BuiltIn">
<arg>${EXTRACTED_VALUE}</arg>
<arg>${TD_MATERIAL_NUMBER}-MAT</arg>
<doc>Fails if ``container`` contains ``item`` one or more times.</doc>
<status status="NOT RUN" start="2026-05-06T19:45:34.972582" elapsed="0.000000"/>
</kw>
<status status="NOT RUN" start="2026-05-06T19:45:34.971602" elapsed="0.000980"/>
</branch>
<branch type="ELSE">
<kw name="Element Attribute Value Should Be" owner="SeleniumLibrary">
<arg>${DOCUMENT_ID_INPUT}</arg>
<arg>value</arg>
<arg>${TD_MATERIAL_NUMBER}-MAT</arg>
<doc>Verifies element identified by ``locator`` contains expected attribute value.</doc>
<status status="NOT RUN" start="2026-05-06T19:45:34.972582" elapsed="0.000000"/>
</kw>
<status status="NOT RUN" start="2026-05-06T19:45:34.972582" elapsed="0.000000"/>
</branch>
<status status="NOT RUN" start="2026-05-06T19:45:34.970606" elapsed="0.001976"/>
</if>
<status status="NOT RUN" start="2026-05-06T19:45:34.970606" elapsed="0.001976"/>
</branch>
<status status="NOT RUN" start="2026-05-06T19:45:34.968583" elapsed="0.003999"/>
</if>
<status status="NOT RUN" start="2026-05-06T19:45:34.967594" elapsed="0.004988"/>
</branch>
<status status="PASS" start="2026-05-06T19:45:34.966575" elapsed="0.006007"/>
</if>
<kw name="Log" owner="BuiltIn">
<msg time="2026-05-06T19:45:34.973581" level="INFO">False</msg>
<arg>${BLANK_DOCUMENT_ID}</arg>
<doc>Logs the given message with the given level.</doc>
<status status="PASS" start="2026-05-06T19:45:34.973581" elapsed="0.000000"/>
</kw>
<kw name="Return From Keyword If" owner="BuiltIn">
<arg>'${BLANK_DOCUMENT_ID}'=='True'</arg>
<doc>Returns from the enclosing user keyword if ``condition`` is true.</doc>
<status status="PASS" start="2026-05-06T19:45:34.973581" elapsed="0.001000"/>
</kw>
<kw name="Input Text" owner="SeleniumLibrary">
<msg time="2026-05-06T19:45:34.975582" level="INFO">Typing text 'DOCID-NjuN60aP' into text field '(//input[@placeholder="Document Id"])'.</msg>
<arg>${DOCUMENT_ID_INPUT}</arg>
<arg>${TD_DOCUMENT_ID}</arg>
<doc>Types the given ``text`` into the text field identified by ``locator``.</doc>
<status status="PASS" start="2026-05-06T19:45:34.974581" elapsed="0.471844"/>
</kw>
<doc>To Add Procedure Details</doc>
<status status="PASS" start="2026-05-06T19:45:32.527749" elapsed="2.918676"/>
</kw>
<kw name="And User adds PPE to the procedure" owner="AuthorScreen">
<kw name="Click Element" owner="SeleniumLibrary">
<msg time="2026-05-06T19:45:35.450835" level="INFO">Clicking element '//div[contains(@class, "title")]/following-sibling::div/button'.</msg>
<arg>${Choose_button}</arg>
<doc>Click the element identified by ``locator``.</doc>
<status status="PASS" start="2026-05-06T19:45:35.449452" elapsed="0.375223"/>
</kw>
<kw name="Wait Until Element Is Not Visible" owner="SeleniumLibrary">
<arg>${LoadingBar}</arg>
<arg>${MaxTime}</arg>
<doc>Waits until the element ``locator`` is not visible.</doc>
<status status="PASS" start="2026-05-06T19:45:35.824675" elapsed="0.590497"/>
</kw>
<kw name="Wait Until Element Is Visible" owner="SeleniumLibrary">
<arg>${PPE_Search_Bar}</arg>
<arg>${MaxTime}</arg>
<doc>Waits until the element ``locator`` is visible.</doc>
<status status="PASS" start="2026-05-06T19:45:36.415172" elapsed="0.237429"/>
</kw>
<kw name="Page Should Contain Element" owner="SeleniumLibrary">
<msg time="2026-05-06T19:45:36.769397" level="INFO">Current page contains element '//mat-dialog-container//input[@placeholder="Search..."]'.</msg>
<arg>${PPE_Search_Bar}</arg>
<doc>Verifies that element ``locator`` is found on the current page.</doc>
<status status="PASS" start="2026-05-06T19:45:36.653640" elapsed="0.115757"/>
</kw>
<kw name="Create List" owner="BuiltIn">
<msg time="2026-05-06T19:45:36.769933" level="INFO">${PPE_LIST} = ['Safety Glasses', 'Hard Hat', 'Gloves', 'Respirator']</msg>
<var>${PPE_LIST}</var>
<arg>Safety Glasses</arg>
<arg>Hard Hat</arg>
<arg>Gloves</arg>
<arg>Respirator</arg>
<doc>Returns a list containing given items.</doc>
<status status="PASS" start="2026-05-06T19:45:36.769933" elapsed="0.000000"/>
</kw>
<kw name="Set Test Variable" owner="BuiltIn">
<msg time="2026-05-06T19:45:36.770963" level="INFO">${PPE_LIST} = ['Safety Glasses', 'Hard Hat', 'Gloves', 'Respirator']</msg>
<arg>${PPE_LIST}</arg>
<doc>Makes a variable available everywhere within the scope of the current test.</doc>
<status status="PASS" start="2026-05-06T19:45:36.769933" elapsed="0.001030"/>
</kw>
<for flavor="IN">
<iter>
<kw name="Click Element" owner="SeleniumLibrary">
<msg time="2026-05-06T19:45:36.772962" level="INFO">Clicking element '//mat-dialog-container//input[@placeholder="Search..."]'.</msg>
<arg>${PPE_Search_Bar}</arg>
<doc>Click the element identified by ``locator``.</doc>
<status status="PASS" start="2026-05-06T19:45:36.771964" elapsed="0.338769"/>
</kw>
<kw name="Wait Until Element Is Visible" owner="SeleniumLibrary">
<arg>${PPE_Search_Bar}</arg>
<arg>${MaxTime}</arg>
<doc>Waits until the element ``locator`` is visible.</doc>
<status status="PASS" start="2026-05-06T19:45:37.110733" elapsed="0.229481"/>
</kw>
<kw name="Clear Element Text" owner="SeleniumLibrary">
<arg>${PPE_Search_Bar}</arg>
<doc>Clears the value of the text-input-element identified by ``locator``.</doc>
<status status="PASS" start="2026-05-06T19:45:37.340753" elapsed="0.268541"/>
</kw>
<kw name="Input Text" owner="SeleniumLibrary">
<msg time="2026-05-06T19:45:37.610320" level="INFO">Typing text 'Safety Glasses' into text field '//mat-dialog-container//input[@placeholder="Search..."]'.</msg>
<arg>${PPE_Search_Bar}</arg>
<arg>${ppe}</arg>
<doc>Types the given ``text`` into the text field identified by ``locator``.</doc>
<status status="PASS" start="2026-05-06T19:45:37.609294" elapsed="0.486158"/>
</kw>
<kw name="Wait Until Keyword Succeeds" owner="BuiltIn">
<kw name="Checkbox Should Not Be Selected" owner="SeleniumLibrary">
<msg time="2026-05-06T19:45:38.097514" level="INFO">Verifying checkbox '//tbody//td//mat-checkbox//input[@type = "checkbox"]' is not selected.</msg>
<msg time="2026-05-06T19:45:39.215867" level="INFO" html="true">&lt;/td&gt;&lt;/tr&gt;&lt;tr&gt;&lt;td colspan="3"&gt;&lt;a href="selenium-screenshot-1466.png"&gt;&lt;img src="selenium-screenshot-1466.png" width="800px"&gt;&lt;/a&gt;</msg>
<msg time="2026-05-06T19:45:39.215867" level="FAIL">StaleElementReferenceException: Message: stale element reference: stale element not found in the current frame
  (Session info: chrome=147.0.7727.102); For documentation on this error, please visit: https://www.selenium.dev/documentation/webdriver/troubleshooting/errors#staleelementreferenceexception
Stacktrace:
	chromedriver!GetHandleVerifier [0x7ff721f836a5+15b35]
	chromedriver!GetHandleVerifier [0x7ff721f83710+15ba0]
	chromedriver!(No symbol) [0x7ff721ccd8dd]
	chromedriver!(No symbol) [0x7ff721cd5851]
	chromedriver!(No symbol) [0x7ff721cd8cff]
	chromedriver!(No symbol) [0x7ff721d761a1]
	chromedriver!(No symbol) [0x7ff721d5002a]
	chromedriver!(No symbol) [0x7ff721d74df3]
	chromedriver!(No symbol) [0x7ff721d19348]
	chromedriver!(No symbol) [0x7ff721d1a233]
	chromedriver!GetHandleVerifier [0x7ff722275cf9+308189]
	chromedriver!GetHandleVerifier [0x7ff72227040a+30289a]
	chromedriver!GetHandleVerifier [0x7ff7222916b2+323b42]
	chromedriver!GetHandleVerifier [0x7ff721fa0ab5+32f45]
	chromedriver!GetHandleVerifier [0x7ff721faa0cc+3c55c]
	chromedriver!GetHandleVerifier [0x7ff721f8c9f4+1ee84]
	chromedriver!GetHandleVerifier [0x7ff721f8cba6+1f036]
	chromedriver!GetHandleVerifier [0x7ff721f70957+2de7]
	KERNEL32!BaseThreadInitThunk [0x7ffd6461e8d7+17]
	ntdll!RtlUserThreadStart [0x7ffd65f4c3fc+2c]
</msg>
<arg>${Searched_PPE}</arg>
<doc>Verifies checkbox ``locator`` is not selected/checked.</doc>
<status status="FAIL" start="2026-05-06T19:45:38.097514" elapsed="1.152804">StaleElementReferenceException: Message: stale element reference: stale element not found in the current frame
  (Session info: chrome=147.0.7727.102); For documentation on this error, please visit: https://www.selenium.dev/documentation/webdriver/troubleshooting/errors#staleelementreferenceexception
Stacktrace:
	chromedriver!GetHandleVerifier [0x7ff721f836a5+15b35]
	chromedriver!GetHandleVerifier [0x7ff721f83710+15ba0]
	chromedriver!(No symbol) [0x7ff721ccd8dd]
	chromedriver!(No symbol) [0x7ff721cd5851]
	chromedriver!(No symbol) [0x7ff721cd8cff]
	chromedriver!(No symbol) [0x7ff721d761a1]
	chromedriver!(No symbol) [0x7ff721d5002a]
	chromedriver!(No symbol) [0x7ff721d74df3]
	chromedriver!(No symbol) [0x7ff721d19348]
	chromedriver!(No symbol) [0x7ff721d1a233]
	chromedriver!GetHandleVerifier [0x7ff722275cf9+308189]
	chromedriver!GetHandleVerifier [0x7ff72227040a+30289a]
	chromedriver!GetHandleVerifier [0x7ff7222916b2+323b42]
	chromedriver!GetHandleVerifier [0x7ff721fa0ab5+32f45]
	chromedriver!GetHandleVerifier [0x7ff721faa0cc+3c55c]
	chromedriver!GetHandleVerifier [0x7ff721f8c9f4+1ee84]
	chromedriver!GetHandleVerifier [0x7ff721f8cba6+1f036]
	chromedriver!GetHandleVerifier [0x7ff721f70957+2de7]
	KERNEL32!BaseThreadInitThunk [0x7ffd6461e8d7+17]
	ntdll!RtlUserThreadStart [0x7ffd65f4c3fc+2c]
</status>
</kw>
<kw name="Checkbox Should Not Be Selected" owner="SeleniumLibrary">
<msg time="2026-05-06T19:45:40.252082" level="INFO">Verifying checkbox '//tbody//td//mat-checkbox//input[@type = "checkbox"]' is not selected.</msg>
<arg>${Searched_PPE}</arg>
<doc>Verifies checkbox ``locator`` is not selected/checked.</doc>
<status status="PASS" start="2026-05-06T19:45:40.251070" elapsed="0.456444"/>
</kw>
<arg>5x</arg>
<arg>1s</arg>
<arg>Checkbox Should Not Be Selected</arg>
<arg>${Searched_PPE}</arg>
<doc>Runs the specified keyword and retries if it fails.</doc>
<status status="PASS" start="2026-05-06T19:45:38.096476" elapsed="2.611654"/>
</kw>
<kw name="Wait Until Keyword Succeeds" owner="BuiltIn">
<kw name="Click Element" owner="SeleniumLibrary">
<msg time="2026-05-06T19:45:40.710216" level="INFO">Clicking element '//tbody//td//mat-checkbox//input[@type = "checkbox"]'.</msg>
<arg>${Searched_PPE}</arg>
<doc>Click the element identified by ``locator``.</doc>
<status status="PASS" start="2026-05-06T19:45:40.710216" elapsed="0.332297"/>
</kw>
<arg>5x</arg>
<arg>1s</arg>
<arg>Click Element</arg>
<arg>${Searched_PPE}</arg>
<doc>Runs the specified keyword and retries if it fails.</doc>
<status status="PASS" start="2026-05-06T19:45:40.709155" elapsed="0.333358"/>
</kw>
<var name="${ppe}">Safety Glasses</var>
<status status="PASS" start="2026-05-06T19:45:36.771964" elapsed="4.270549"/>
</iter>
<iter>
<kw name="Click Element" owner="SeleniumLibrary">
<msg time="2026-05-06T19:45:41.043556" level="INFO">Clicking element '//mat-dialog-container//input[@placeholder="Search..."]'.</msg>
<arg>${PPE_Search_Bar}</arg>
<doc>Click the element identified by ``locator``.</doc>
<status status="PASS" start="2026-05-06T19:45:41.043556" elapsed="0.346755"/>
</kw>
<kw name="Wait Until Element Is Visible" owner="SeleniumLibrary">
<arg>${PPE_Search_Bar}</arg>
<arg>${MaxTime}</arg>
<doc>Waits until the element ``locator`` is visible.</doc>
<status status="PASS" start="2026-05-06T19:45:41.390311" elapsed="0.228292"/>
</kw>
<kw name="Clear Element Text" owner="SeleniumLibrary">
<arg>${PPE_Search_Bar}</arg>
<doc>Clears the value of the text-input-element identified by ``locator``.</doc>
<status status="PASS" start="2026-05-06T19:45:41.619112" elapsed="0.253880"/>
</kw>
<kw name="Input Text" owner="SeleniumLibrary">
<msg time="2026-05-06T19:45:41.874045" level="INFO">Typing text 'Hard Hat' into text field '//mat-dialog-container//input[@placeholder="Search..."]'.</msg>
<arg>${PPE_Search_Bar}</arg>
<arg>${ppe}</arg>
<doc>Types the given ``text`` into the text field identified by ``locator``.</doc>
<status status="PASS" start="2026-05-06T19:45:41.872992" elapsed="0.468972"/>
</kw>
<kw name="Wait Until Keyword Succeeds" owner="BuiltIn">
<kw name="Checkbox Should Not Be Selected" owner="SeleniumLibrary">
<msg time="2026-05-06T19:45:42.344328" level="INFO">Verifying checkbox '//tbody//td//mat-checkbox//input[@type = "checkbox"]' is not selected.</msg>
<msg time="2026-05-06T19:45:43.245453" level="INFO" html="true">&lt;/td&gt;&lt;/tr&gt;&lt;tr&gt;&lt;td colspan="3"&gt;&lt;a href="selenium-screenshot-1467.png"&gt;&lt;img src="selenium-screenshot-1467.png" width="800px"&gt;&lt;/a&gt;</msg>
<msg time="2026-05-06T19:45:43.246461" level="FAIL">Checkbox '//tbody//td//mat-checkbox//input[@type = "checkbox"]' should not have been selected.</msg>
<arg>${Searched_PPE}</arg>
<doc>Verifies checkbox ``locator`` is not selected/checked.</doc>
<status status="FAIL" start="2026-05-06T19:45:42.342990" elapsed="0.903471">Checkbox '//tbody//td//mat-checkbox//input[@type = "checkbox"]' should not have been selected.</status>
</kw>
<kw name="Checkbox Should Not Be Selected" owner="SeleniumLibrary">
<msg time="2026-05-06T19:45:44.246739" level="INFO">Verifying checkbox '//tbody//td//mat-checkbox//input[@type = "checkbox"]' is not selected.</msg>
<arg>${Searched_PPE}</arg>
<doc>Verifies checkbox ``locator`` is not selected/checked.</doc>
<status status="PASS" start="2026-05-06T19:45:44.246739" elapsed="0.479634"/>
</kw>
<arg>5x</arg>
<arg>1s</arg>
<arg>Checkbox Should Not Be Selected</arg>
<arg>${Searched_PPE}</arg>
<doc>Runs the specified keyword and retries if it fails.</doc>
<status status="PASS" start="2026-05-06T19:45:42.342990" elapsed="2.383383"/>
</kw>
<kw name="Wait Until Keyword Succeeds" owner="BuiltIn">
<kw name="Click Element" owner="SeleniumLibrary">
<msg time="2026-05-06T19:45:44.727652" level="INFO">Clicking element '//tbody//td//mat-checkbox//input[@type = "checkbox"]'.</msg>
<arg>${Searched_PPE}</arg>
<doc>Click the element identified by ``locator``.</doc>
<status status="PASS" start="2026-05-06T19:45:44.727652" elapsed="0.358297"/>
</kw>
<arg>5x</arg>
<arg>1s</arg>
<arg>Click Element</arg>
<arg>${Searched_PPE}</arg>
<doc>Runs the specified keyword and retries if it fails.</doc>
<status status="PASS" start="2026-05-06T19:45:44.726373" elapsed="0.360095"/>
</kw>
<var name="${ppe}">Hard Hat</var>
<status status="PASS" start="2026-05-06T19:45:41.042513" elapsed="4.043955"/>
</iter>
<iter>
<kw name="Click Element" owner="SeleniumLibrary">
<msg time="2026-05-06T19:45:45.087483" level="INFO">Clicking element '//mat-dialog-container//input[@placeholder="Search..."]'.</msg>
<arg>${PPE_Search_Bar}</arg>
<doc>Click the element identified by ``locator``.</doc>
<status status="PASS" start="2026-05-06T19:45:45.087483" elapsed="0.412566"/>
</kw>
<kw name="Wait Until Element Is Visible" owner="SeleniumLibrary">
<arg>${PPE_Search_Bar}</arg>
<arg>${MaxTime}</arg>
<doc>Waits until the element ``locator`` is visible.</doc>
<status status="PASS" start="2026-05-06T19:45:45.501144" elapsed="0.235924"/>
</kw>
<kw name="Clear Element Text" owner="SeleniumLibrary">
<arg>${PPE_Search_Bar}</arg>
<doc>Clears the value of the text-input-element identified by ``locator``.</doc>
<status status="PASS" start="2026-05-06T19:45:45.737068" elapsed="0.253567"/>
</kw>
<kw name="Input Text" owner="SeleniumLibrary">
<msg time="2026-05-06T19:45:45.991643" level="INFO">Typing text 'Gloves' into text field '//mat-dialog-container//input[@placeholder="Search..."]'.</msg>
<arg>${PPE_Search_Bar}</arg>
<arg>${ppe}</arg>
<doc>Types the given ``text`` into the text field identified by ``locator``.</doc>
<status status="PASS" start="2026-05-06T19:45:45.990635" elapsed="0.491693"/>
</kw>
<kw name="Wait Until Keyword Succeeds" owner="BuiltIn">
<kw name="Checkbox Should Not Be Selected" owner="SeleniumLibrary">
<msg time="2026-05-06T19:45:46.484896" level="INFO">Verifying checkbox '//tbody//td//mat-checkbox//input[@type = "checkbox"]' is not selected.</msg>
<msg time="2026-05-06T19:45:47.393455" level="INFO" html="true">&lt;/td&gt;&lt;/tr&gt;&lt;tr&gt;&lt;td colspan="3"&gt;&lt;a href="selenium-screenshot-1468.png"&gt;&lt;img src="selenium-screenshot-1468.png" width="800px"&gt;&lt;/a&gt;</msg>
<msg time="2026-05-06T19:45:47.393455" level="FAIL">Checkbox '//tbody//td//mat-checkbox//input[@type = "checkbox"]' should not have been selected.</msg>
<arg>${Searched_PPE}</arg>
<doc>Verifies checkbox ``locator`` is not selected/checked.</doc>
<status status="FAIL" start="2026-05-06T19:45:46.483896" elapsed="0.910871">Checkbox '//tbody//td//mat-checkbox//input[@type = "checkbox"]' should not have been selected.</status>
</kw>
<kw name="Checkbox Should Not Be Selected" owner="SeleniumLibrary">
<msg time="2026-05-06T19:45:48.395975" level="INFO">Verifying checkbox '//tbody//td//mat-checkbox//input[@type = "checkbox"]' is not selected.</msg>
<arg>${Searched_PPE}</arg>
<doc>Verifies checkbox ``locator`` is not selected/checked.</doc>
<status status="PASS" start="2026-05-06T19:45:48.395466" elapsed="0.467041"/>
</kw>
<arg>5x</arg>
<arg>1s</arg>
<arg>Checkbox Should Not Be Selected</arg>
<arg>${Searched_PPE}</arg>
<doc>Runs the specified keyword and retries if it fails.</doc>
<status status="PASS" start="2026-05-06T19:45:46.482867" elapsed="2.379640"/>
</kw>
<kw name="Wait Until Keyword Succeeds" owner="BuiltIn">
<kw name="Click Element" owner="SeleniumLibrary">
<msg time="2026-05-06T19:45:48.863957" level="INFO">Clicking element '//tbody//td//mat-checkbox//input[@type = "checkbox"]'.</msg>
<arg>${Searched_PPE}</arg>
<doc>Click the element identified by ``locator``.</doc>
<status status="PASS" start="2026-05-06T19:45:48.863957" elapsed="0.369501"/>
</kw>
<arg>5x</arg>
<arg>1s</arg>
<arg>Click Element</arg>
<arg>${Searched_PPE}</arg>
<doc>Runs the specified keyword and retries if it fails.</doc>
<status status="PASS" start="2026-05-06T19:45:48.862507" elapsed="0.370951"/>
</kw>
<var name="${ppe}">Gloves</var>
<status status="PASS" start="2026-05-06T19:45:45.086468" elapsed="4.146990"/>
</iter>
<iter>
<kw name="Click Element" owner="SeleniumLibrary">
<msg time="2026-05-06T19:45:49.234547" level="INFO">Clicking element '//mat-dialog-container//input[@placeholder="Search..."]'.</msg>
<arg>${PPE_Search_Bar}</arg>
<doc>Click the element identified by ``locator``.</doc>
<status status="PASS" start="2026-05-06T19:45:49.234547" elapsed="0.432054"/>
</kw>
<kw name="Wait Until Element Is Visible" owner="SeleniumLibrary">
<arg>${PPE_Search_Bar}</arg>
<arg>${MaxTime}</arg>
<doc>Waits until the element ``locator`` is visible.</doc>
<status status="PASS" start="2026-05-06T19:45:49.666601" elapsed="0.260735"/>
</kw>
<kw name="Clear Element Text" owner="SeleniumLibrary">
<arg>${PPE_Search_Bar}</arg>
<doc>Clears the value of the text-input-element identified by ``locator``.</doc>
<status status="PASS" start="2026-05-06T19:45:49.927336" elapsed="0.306383"/>
</kw>
<kw name="Input Text" owner="SeleniumLibrary">
<msg time="2026-05-06T19:45:50.234742" level="INFO">Typing text 'Respirator' into text field '//mat-dialog-container//input[@placeholder="Search..."]'.</msg>
<arg>${PPE_Search_Bar}</arg>
<arg>${ppe}</arg>
<doc>Types the given ``text`` into the text field identified by ``locator``.</doc>
<status status="PASS" start="2026-05-06T19:45:50.233719" elapsed="0.565722"/>
</kw>
<kw name="Wait Until Keyword Succeeds" owner="BuiltIn">
<kw name="Checkbox Should Not Be Selected" owner="SeleniumLibrary">
<msg time="2026-05-06T19:45:50.801025" level="INFO">Verifying checkbox '//tbody//td//mat-checkbox//input[@type = "checkbox"]' is not selected.</msg>
<msg time="2026-05-06T19:45:51.679663" level="INFO" html="true">&lt;/td&gt;&lt;/tr&gt;&lt;tr&gt;&lt;td colspan="3"&gt;&lt;a href="selenium-screenshot-1469.png"&gt;&lt;img src="selenium-screenshot-1469.png" width="800px"&gt;&lt;/a&gt;</msg>
<msg time="2026-05-06T19:45:51.679663" level="FAIL">Checkbox '//tbody//td//mat-checkbox//input[@type = "checkbox"]' should not have been selected.</msg>
<arg>${Searched_PPE}</arg>
<doc>Verifies checkbox ``locator`` is not selected/checked.</doc>
<status status="FAIL" start="2026-05-06T19:45:50.799988" elapsed="0.880921">Checkbox '//tbody//td//mat-checkbox//input[@type = "checkbox"]' should not have been selected.</status>
</kw>
<kw name="Checkbox Should Not Be Selected" owner="SeleniumLibrary">
<msg time="2026-05-06T19:45:52.681180" level="INFO">Verifying checkbox '//tbody//td//mat-checkbox//input[@type = "checkbox"]' is not selected.</msg>
<arg>${Searched_PPE}</arg>
<doc>Verifies checkbox ``locator`` is not selected/checked.</doc>
<status status="PASS" start="2026-05-06T19:45:52.681180" elapsed="0.462118"/>
</kw>
<arg>5x</arg>
<arg>1s</arg>
<arg>Checkbox Should Not Be Selected</arg>
<arg>${Searched_PPE}</arg>
<doc>Runs the specified keyword and retries if it fails.</doc>
<status status="PASS" start="2026-05-06T19:45:50.799988" elapsed="2.343310"/>
</kw>
<kw name="Wait Until Keyword Succeeds" owner="BuiltIn">
<kw name="Click Element" owner="SeleniumLibrary">
<msg time="2026-05-06T19:45:53.145318" level="INFO">Clicking element '//tbody//td//mat-checkbox//input[@type = "checkbox"]'.</msg>
<arg>${Searched_PPE}</arg>
<doc>Click the element identified by ``locator``.</doc>
<status status="PASS" start="2026-05-06T19:45:53.144320" elapsed="0.332474"/>
</kw>
<arg>5x</arg>
<arg>1s</arg>
<arg>Click Element</arg>
<arg>${Searched_PPE}</arg>
<doc>Runs the specified keyword and retries if it fails.</doc>
<status status="PASS" start="2026-05-06T19:45:53.144320" elapsed="0.332474"/>
</kw>
<var name="${ppe}">Respirator</var>
<status status="PASS" start="2026-05-06T19:45:49.233458" elapsed="4.243336"/>
</iter>
<var>${ppe}</var>
<value>@{PPE_LIST}</value>
<status status="PASS" start="2026-05-06T19:45:36.770963" elapsed="16.706431"/>
</for>
<kw name="Click Element" owner="SeleniumLibrary">
<msg time="2026-05-06T19:45:53.477394" level="INFO">Clicking element '//span[@class = "mdc-button__label" and normalize-space()='Add']'.</msg>
<arg>${Add_PPE}</arg>
<doc>Click the element identified by ``locator``.</doc>
<status status="PASS" start="2026-05-06T19:45:53.477394" elapsed="0.391100"/>
</kw>
<kw name="Wait Until Element Is Not Visible" owner="SeleniumLibrary">
<arg>${LoadingBar}</arg>
<arg>${MaxTime}</arg>
<doc>Waits until the element ``locator`` is not visible.</doc>
<status status="PASS" start="2026-05-06T19:45:53.869514" elapsed="0.145299"/>
</kw>
<if>
<branch type="IF" condition="${REMOVE_PPE}">
<for flavor="IN">
<iter>
<kw name="Wait For The Element And Click" owner="Common">
<arg>${ADDED_PPE_DELETE_ICON}</arg>
<doc>To Wait For The Element And Click</doc>
<status status="NOT RUN" start="2026-05-06T19:45:54.016821" elapsed="0.000000"/>
</kw>
<var name="${ppe}"/>
<status status="NOT RUN" start="2026-05-06T19:45:54.015950" elapsed="0.000871"/>
</iter>
<var>${ppe}</var>
<value>@{PPE_LIST}</value>
<status status="NOT RUN" start="2026-05-06T19:45:54.015950" elapsed="0.000871"/>
</for>
<kw name="Wait Until Element Is Not Visible" owner="SeleniumLibrary">
<arg>${ADDED_PPE_DELETE_ICON}</arg>
<doc>Waits until the element ``locator`` is not visible.</doc>
<status status="NOT RUN" start="2026-05-06T19:45:54.016821" elapsed="0.000000"/>
</kw>
<status status="NOT RUN" start="2026-05-06T19:45:54.014813" elapsed="0.002008"/>
</branch>
<status status="PASS" start="2026-05-06T19:45:54.014813" elapsed="0.002008"/>
</if>
<status status="PASS" start="2026-05-06T19:45:35.448505" elapsed="18.569316"/>
</kw>
<kw name="And User Add Step To Procedure" owner="AuthorScreen">
<kw name="Create List" owner="BuiltIn">
<msg time="2026-05-06T19:45:54.018933" level="INFO">@{STEP_INSTRUCTIONS_LIST} = [ ]</msg>
<var>@{STEP_INSTRUCTIONS_LIST}</var>
<doc>Returns a list containing given items.</doc>
<status status="PASS" start="2026-05-06T19:45:54.018933" elapsed="0.000000"/>
</kw>
<kw name="Set Test Variable" owner="BuiltIn">
<msg time="2026-05-06T19:45:54.019878" level="INFO">${STEP_INSTRUCTIONS_LIST} = []</msg>
<arg>${STEP_INSTRUCTIONS_LIST}</arg>
<doc>Makes a variable available everywhere within the scope of the current test.</doc>
<status status="PASS" start="2026-05-06T19:45:54.018933" elapsed="0.000945"/>
</kw>
<kw name="Add Steps" owner="AuthorScreen">
<for flavor="IN RANGE">
<iter>
<kw name="Click Element" owner="SeleniumLibrary">
<msg time="2026-05-06T19:45:54.020931" level="INFO">Clicking element '//button[contains(@class, "mat-mdc-button-base")]//mat-icon[@data-mat-icon-name= "big-plus"]'.</msg>
<arg>${Step_Plus_button}</arg>
<doc>Click the element identified by ``locator``.</doc>
<status status="PASS" start="2026-05-06T19:45:54.020931" elapsed="0.466879"/>
</kw>
<kw name="Run Keyword And Ignore Error" owner="BuiltIn">
<kw name="Wait Until Element Is Not Visible" owner="SeleniumLibrary">
<msg time="2026-05-06T19:45:59.156136" level="INFO">Suppressing StaleElementReferenceException from Selenium.</msg>
<arg>${LoadingBar}</arg>
<arg>${MaxTime}</arg>
<doc>Waits until the element ``locator`` is not visible.</doc>
<status status="PASS" start="2026-05-06T19:45:54.489588" elapsed="4.983638"/>
</kw>
<arg>Wait Until Element Is Not Visible</arg>
<arg>${LoadingBar}</arg>
<arg>${MaxTime}</arg>
<doc>Runs the given keyword with the given arguments and ignores possible error.</doc>
<status status="PASS" start="2026-05-06T19:45:54.488323" elapsed="4.985496"/>
</kw>
<kw name="Run Keyword And Ignore Error" owner="BuiltIn">
<kw name="Wait For The Element And Click" owner="Common">
<kw name="Run Keyword And Ignore Error" owner="BuiltIn">
<kw name="Wait Until Element Is Visible" owner="SeleniumLibrary">
<arg>${locator}</arg>
<arg>${Max_limit}</arg>
<doc>Waits until the element ``locator`` is visible.</doc>
<status status="PASS" start="2026-05-06T19:45:59.475896" elapsed="0.233464"/>
</kw>
<arg>Wait Until Element Is Visible</arg>
<arg>${locator}</arg>
<arg>${Max_limit}</arg>
<doc>Runs the given keyword with the given arguments and ignores possible error.</doc>
<status status="PASS" start="2026-05-06T19:45:59.475896" elapsed="0.233464"/>
</kw>
<kw name="Wait Until Keyword Succeeds" owner="BuiltIn">
<kw name="Click Element" owner="SeleniumLibrary">
<msg time="2026-05-06T19:45:59.710408" level="INFO">Clicking element '//span[contains(@class, "option-label") and normalize-space()= "Instruction &amp; Attachment"]'.</msg>
<arg>${locator}</arg>
<doc>Click the element identified by ``locator``.</doc>
<status status="PASS" start="2026-05-06T19:45:59.709360" elapsed="0.335872"/>
</kw>
<arg>10x</arg>
<arg>2s</arg>
<arg>Click Element</arg>
<arg>${locator}</arg>
<doc>Runs the specified keyword and retries if it fails.</doc>
<status status="PASS" start="2026-05-06T19:45:59.709360" elapsed="0.335872"/>
</kw>
<arg>${ATTACHMENT_TAB}</arg>
<doc>To Wait For The Element And Click</doc>
<status status="PASS" start="2026-05-06T19:45:59.474825" elapsed="0.570407"/>
</kw>
<arg>Wait For The Element And Click</arg>
<arg>${ATTACHMENT_TAB}</arg>
<doc>Runs the given keyword with the given arguments and ignores possible error.</doc>
<status status="PASS" start="2026-05-06T19:45:59.473819" elapsed="0.571413"/>
</kw>
<kw name="Wait Until Element Is Visible" owner="SeleniumLibrary">
<arg>${Plus_Attachment}</arg>
<doc>Waits until the element ``locator`` is visible.</doc>
<status status="PASS" start="2026-05-06T19:46:00.045232" elapsed="0.249783"/>
</kw>
<kw name="Sleep" owner="BuiltIn">
<msg time="2026-05-06T19:46:02.296039" level="INFO">Slept 2 seconds.</msg>
<arg>2s</arg>
<doc>Pauses the test executed for the given time.</doc>
<status status="PASS" start="2026-05-06T19:46:00.295520" elapsed="2.000519"/>
</kw>
<kw name="Wait For The Element And Click" owner="Common">
<kw name="Run Keyword And Ignore Error" owner="BuiltIn">
<kw name="Wait Until Element Is Visible" owner="SeleniumLibrary">
<arg>${locator}</arg>
<arg>${Max_limit}</arg>
<doc>Waits until the element ``locator`` is visible.</doc>
<status status="PASS" start="2026-05-06T19:46:02.296550" elapsed="0.232047"/>
</kw>
<arg>Wait Until Element Is Visible</arg>
<arg>${locator}</arg>
<arg>${Max_limit}</arg>
<doc>Runs the given keyword with the given arguments and ignores possible error.</doc>
<status status="PASS" start="2026-05-06T19:46:02.296550" elapsed="0.232047"/>
</kw>
<kw name="Wait Until Keyword Succeeds" owner="BuiltIn">
<kw name="Click Element" owner="SeleniumLibrary">
<msg time="2026-05-06T19:46:02.529669" level="INFO">Clicking element '(//text-editor//p)'.</msg>
<arg>${locator}</arg>
<doc>Click the element identified by ``locator``.</doc>
<status status="PASS" start="2026-05-06T19:46:02.528597" elapsed="0.310755"/>
</kw>
<arg>10x</arg>
<arg>2s</arg>
<arg>Click Element</arg>
<arg>${locator}</arg>
<doc>Runs the specified keyword and retries if it fails.</doc>
<status status="PASS" start="2026-05-06T19:46:02.528597" elapsed="0.310755"/>
</kw>
<arg>${Instruction_Editor}</arg>
<doc>To Wait For The Element And Click</doc>
<status status="PASS" start="2026-05-06T19:46:02.296550" elapsed="0.542802"/>
</kw>
<kw name="Generate Random Statement" owner="CommonUtils">
<msg time="2026-05-06T19:46:02.840487" level="INFO">${RANDOM_STATE} = In the manufacturing sector, BuildMasters has workers who design systems using wrenches in the workshop.</msg>
<var>${RANDOM_STATE}</var>
<status status="PASS" start="2026-05-06T19:46:02.840487" elapsed="0.000000"/>
</kw>
<kw name="Append To List" owner="Collections">
<arg>${STEP_INSTRUCTIONS_LIST}</arg>
<arg>${RANDOM_STATE}</arg>
<doc>Adds ``values`` to the end of ``list``.</doc>
<status status="PASS" start="2026-05-06T19:46:02.841370" elapsed="0.000000"/>
</kw>
<kw name="Input Text" owner="SeleniumLibrary">
<msg time="2026-05-06T19:46:02.842369" level="INFO">Typing text 'In the manufacturing sector, BuildMasters has workers who design systems using wrenches in the workshop.' into text field '(//text-editor//p)'.</msg>
<arg>${Instruction_Editor}</arg>
<arg>${RANDOM_STATE}</arg>
<doc>Types the given ``text`` into the text field identified by ``locator``.</doc>
<status status="PASS" start="2026-05-06T19:46:02.841370" elapsed="0.858091"/>
</kw>
<var name="${it}">1</var>
<status status="PASS" start="2026-05-06T19:45:54.019878" elapsed="9.679583"/>
</iter>
<var>${it}</var>
<value>1</value>
<value>${NO_OF_STEPS}+1</value>
<status status="PASS" start="2026-05-06T19:45:54.019878" elapsed="9.679583"/>
</for>
<arg>${STEPS_ARG}</arg>
<doc>To Add Steps</doc>
<status status="PASS" start="2026-05-06T19:45:54.019878" elapsed="9.679583"/>
</kw>
<status status="PASS" start="2026-05-06T19:45:54.017821" elapsed="9.682752"/>
</kw>
<kw name="And User adds Preventive Troubleshooting to Step" owner="AuthorScreen">
<kw name="Click Element" owner="SeleniumLibrary">
<msg time="2026-05-06T19:46:03.702574" level="INFO">Clicking element '//span[contains(@class, "option-label") and text() = "Preventive Troubleshooting"]'.</msg>
<arg>${Preventive_Troubleshooting_tab}</arg>
<doc>Click the element identified by ``locator``.</doc>
<status status="PASS" start="2026-05-06T19:46:03.701581" elapsed="0.339063"/>
</kw>
<kw name="Wait Until Page Contains Element" owner="SeleniumLibrary">
<arg>${Add_Preventive_Troubleshoot}</arg>
<doc>Waits until the element ``locator`` appears on the current page.</doc>
<status status="PASS" start="2026-05-06T19:46:04.041168" elapsed="0.124473"/>
</kw>
<kw name="Click Element" owner="SeleniumLibrary">
<msg time="2026-05-06T19:46:04.165641" level="INFO">Clicking element '//div[@class="header-buttons"]//span[contains(@class, "mdc-button__label") and normalize-space()='Add']'.</msg>
<arg>${Add_Preventive_Troubleshoot}</arg>
<doc>Click the element identified by ``locator``.</doc>
<status status="PASS" start="2026-05-06T19:46:04.165641" elapsed="0.404089"/>
</kw>
<kw name="Verify the UI of Preventive Troubleshooting Page" owner="AuthorScreen">
<kw name="Wait Until Page Contains Element" owner="SeleniumLibrary">
<arg>${Add_New_Label}</arg>
<doc>Waits until the element ``locator`` appears on the current page.</doc>
<status status="PASS" start="2026-05-06T19:46:04.571844" elapsed="0.141446"/>
</kw>
<kw name="Page Should Contain Element" owner="SeleniumLibrary">
<msg time="2026-05-06T19:46:04.845455" level="INFO">Current page contains element '//label[@data-testid='shared-text-label']'.</msg>
<arg>${PT_Title_Name}</arg>
<doc>Verifies that element ``locator`` is found on the current page.</doc>
<status status="PASS" start="2026-05-06T19:46:04.713290" elapsed="0.132165"/>
</kw>
<kw name="Page Should Contain Element" owner="SeleniumLibrary">
<msg time="2026-05-06T19:46:05.011855" level="INFO">Current page contains element '//label[contains(text(),'Possible Cause')]//following-sibling::textarea'.</msg>
<arg>${LOCATOR_PT_PossibleCause}</arg>
<doc>Verifies that element ``locator`` is found on the current page.</doc>
<status status="PASS" start="2026-05-06T19:46:04.847476" elapsed="0.164379"/>
</kw>
<kw name="Page Should Contain Element" owner="SeleniumLibrary">
<msg time="2026-05-06T19:46:05.150328" level="INFO">Current page contains element '//label[contains(text(),'Corrective Action')]//following-sibling::textarea'.</msg>
<arg>${LOCATOR_PT_CORRECTIVE_ACTION}</arg>
<doc>Verifies that element ``locator`` is found on the current page.</doc>
<status status="PASS" start="2026-05-06T19:46:05.012865" elapsed="0.137463"/>
</kw>
<kw name="Page Should Contain Element" owner="SeleniumLibrary">
<msg time="2026-05-06T19:46:05.280387" level="INFO">Current page contains element '//label[contains(text(),'Preventive Action')]//following-sibling::textarea'.</msg>
<arg>${LOCATOR_PT_PREVENTIVE_ACTION}</arg>
<doc>Verifies that element ``locator`` is found on the current page.</doc>
<status status="PASS" start="2026-05-06T19:46:05.150328" elapsed="0.130059"/>
</kw>
<kw name="Page Should Contain Element" owner="SeleniumLibrary">
<msg time="2026-05-06T19:46:05.411676" level="INFO">Current page contains element '//mat-dialog-actions[contains(@class, "common-dialog-footer")]//button[normalize-space()='Save']'.</msg>
<arg>${Save_PT_Btn}</arg>
<doc>Verifies that element ``locator`` is found on the current page.</doc>
<status status="PASS" start="2026-05-06T19:46:05.280906" elapsed="0.130770"/>
</kw>
<kw name="Page Should Contain Element" owner="SeleniumLibrary">
<msg time="2026-05-06T19:46:05.538523" level="INFO">Current page contains element '//mat-dialog-actions[contains(@class, "common-dialog-footer")]//button[normalize-space()='Cancel']'.</msg>
<arg>${Cancel_PT_Btn}</arg>
<doc>Verifies that element ``locator`` is found on the current page.</doc>
<status status="PASS" start="2026-05-06T19:46:05.411676" elapsed="0.126847"/>
</kw>
<status status="PASS" start="2026-05-06T19:46:04.569730" elapsed="0.968793"/>
</kw>
<kw name="Element Should Be Disabled" owner="SeleniumLibrary">
<arg>${Save_PT_Btn}</arg>
<doc>Verifies that element identified by ``locator`` is disabled.</doc>
<status status="PASS" start="2026-05-06T19:46:05.538523" elapsed="0.232071"/>
</kw>
<kw name="Wait Until Keyword Succeeds" owner="BuiltIn">
<kw name="Click Element" owner="SeleniumLibrary">
<msg time="2026-05-06T19:46:05.771613" level="INFO">Clicking element '//label[contains(text(),'Possible Cause')]//following-sibling::textarea'.</msg>
<arg>${LOCATOR_PT_PossibleCause}</arg>
<doc>Click the element identified by ``locator``.</doc>
<status status="PASS" start="2026-05-06T19:46:05.771613" elapsed="0.366234"/>
</kw>
<arg>3x</arg>
<arg>1s</arg>
<arg>Click Element</arg>
<arg>${LOCATOR_PT_PossibleCause}</arg>
<doc>Runs the specified keyword and retries if it fails.</doc>
<status status="PASS" start="2026-05-06T19:46:05.771613" elapsed="0.366234"/>
</kw>
<kw name="Input Text" owner="SeleniumLibrary">
<msg time="2026-05-06T19:46:06.138858" level="INFO">Typing text 'You may have received a defective piece' into text field '//label[contains(text(),'Possible Cause')]//following-sibling::textarea'.</msg>
<arg>${LOCATOR_PT_PossibleCause}</arg>
<arg>${PT_POSSIBLE_CAUSE_INPUT}</arg>
<doc>Types the given ``text`` into the text field identified by ``locator``.</doc>
<status status="PASS" start="2026-05-06T19:46:06.137847" elapsed="0.516925"/>
</kw>
<kw name="Wait Until Keyword Succeeds" owner="BuiltIn">
<kw name="Click Element" owner="SeleniumLibrary">
<msg time="2026-05-06T19:46:06.657311" level="INFO">Clicking element '//label[contains(text(),'Corrective Action')]//following-sibling::textarea'.</msg>
<arg>${LOCATOR_PT_CORRECTIVE_ACTION}</arg>
<doc>Click the element identified by ``locator``.</doc>
<status status="PASS" start="2026-05-06T19:46:06.656320" elapsed="0.347476"/>
</kw>
<arg>3x</arg>
<arg>1s</arg>
<arg>Click Element</arg>
<arg>${LOCATOR_PT_CORRECTIVE_ACTION}</arg>
<doc>Runs the specified keyword and retries if it fails.</doc>
<status status="PASS" start="2026-05-06T19:46:06.655292" elapsed="0.348504"/>
</kw>
<kw name="Input Text" owner="SeleniumLibrary">
<msg time="2026-05-06T19:46:07.004804" level="INFO">Typing text 'Drop a mail to the vendor for replacement' into text field '//label[contains(text(),'Corrective Action')]//following-sibling::textarea'.</msg>
<arg>${LOCATOR_PT_CORRECTIVE_ACTION}</arg>
<arg>${PT_CorrectiveAction_Input}</arg>
<doc>Types the given ``text`` into the text field identified by ``locator``.</doc>
<status status="PASS" start="2026-05-06T19:46:07.003796" elapsed="0.525034"/>
</kw>
<kw name="Wait Until Keyword Succeeds" owner="BuiltIn">
<kw name="Click Element" owner="SeleniumLibrary">
<msg time="2026-05-06T19:46:07.530849" level="INFO">Clicking element '//label[contains(text(),'Preventive Action')]//following-sibling::textarea'.</msg>
<arg>${LOCATOR_PT_PREVENTIVE_ACTION}</arg>
<doc>Click the element identified by ``locator``.</doc>
<status status="PASS" start="2026-05-06T19:46:07.529857" elapsed="0.335396"/>
</kw>
<arg>3x</arg>
<arg>1s</arg>
<arg>Click Element</arg>
<arg>${LOCATOR_PT_PREVENTIVE_ACTION}</arg>
<doc>Runs the specified keyword and retries if it fails.</doc>
<status status="PASS" start="2026-05-06T19:46:07.529857" elapsed="0.335396"/>
</kw>
<kw name="Input Text" owner="SeleniumLibrary">
<msg time="2026-05-06T19:46:07.865888" level="INFO">Typing text 'Always check the product while receiving order' into text field '//label[contains(text(),'Preventive Action')]//following-sibling::textarea'.</msg>
<arg>${LOCATOR_PT_PREVENTIVE_ACTION}</arg>
<arg>${PT_PreventiveAction_Input}</arg>
<doc>Types the given ``text`` into the text field identified by ``locator``.</doc>
<status status="PASS" start="2026-05-06T19:46:07.865888" elapsed="0.527166"/>
</kw>
<kw name="Verify that Author is not able to add a new troubleshooting entry without filling the mandatory field" owner="AuthorScreen">
<kw name="Sleep" owner="BuiltIn">
<msg time="2026-05-06T19:46:10.394810" level="INFO">Slept 2 seconds.</msg>
<arg>2s</arg>
<doc>Pauses the test executed for the given time.</doc>
<status status="PASS" start="2026-05-06T19:46:08.394254" elapsed="2.000556"/>
</kw>
<kw name="Scroll Element Into View" owner="SeleniumLibrary">
<arg>${Save_PT_Btn}</arg>
<doc>Scrolls the element identified by ``locator`` into view.</doc>
<status status="PASS" start="2026-05-06T19:46:10.395844" elapsed="0.515286"/>
</kw>
<kw name="Element Should Be Disabled" owner="SeleniumLibrary">
<arg>${Save_PT_Btn}</arg>
<doc>Verifies that element identified by ``locator`` is disabled.</doc>
<status status="PASS" start="2026-05-06T19:46:10.912160" elapsed="0.234861"/>
</kw>
<status status="PASS" start="2026-05-06T19:46:08.393054" elapsed="2.754493"/>
</kw>
<kw name="Scroll Element Into View" owner="SeleniumLibrary">
<arg>${PT_Title}</arg>
<doc>Scrolls the element identified by ``locator`` into view.</doc>
<status status="PASS" start="2026-05-06T19:46:11.147547" elapsed="0.507877"/>
</kw>
<kw name="Click Element" owner="SeleniumLibrary">
<msg time="2026-05-06T19:46:11.656444" level="INFO">Clicking element '//div[@data-testid='shared-text-input-wrap']//input[@floatinglabel='false']'.</msg>
<arg>${PT_Title}</arg>
<doc>Click the element identified by ``locator``.</doc>
<status status="PASS" start="2026-05-06T19:46:11.655424" elapsed="0.310143"/>
</kw>
<kw name="Input Text" owner="SeleniumLibrary">
<msg time="2026-05-06T19:46:11.966684" level="INFO">Typing text 'Part of a machine is defective' into text field '//div[@data-testid='shared-text-input-wrap']//input[@floatinglabel='false']'.</msg>
<arg>${PT_Title}</arg>
<arg>${Preventive_Troubleshooting_Title}</arg>
<doc>Types the given ``text`` into the text field identified by ``locator``.</doc>
<status status="PASS" start="2026-05-06T19:46:11.965567" elapsed="0.471913"/>
</kw>
<kw name="Wait Until Element Is Enabled" owner="SeleniumLibrary">
<arg>${Save_PT_Btn}</arg>
<doc>Waits until the element ``locator`` is enabled.</doc>
<status status="PASS" start="2026-05-06T19:46:12.437480" elapsed="0.341795"/>
</kw>
<kw name="Click Element" owner="SeleniumLibrary">
<msg time="2026-05-06T19:46:12.780529" level="INFO">Clicking element '//mat-dialog-actions[contains(@class, "common-dialog-footer")]//button[normalize-space()='Save']'.</msg>
<arg>${Save_PT_Btn}</arg>
<doc>Click the element identified by ``locator``.</doc>
<status status="PASS" start="2026-05-06T19:46:12.779275" elapsed="0.405757"/>
</kw>
<kw name="Wait Until Element Is Not Visible" owner="SeleniumLibrary">
<msg time="2026-05-06T19:46:13.358228" level="INFO">Suppressing StaleElementReferenceException from Selenium.</msg>
<arg>${LoadingBar}</arg>
<arg>${MaxTime}</arg>
<doc>Waits until the element ``locator`` is not visible.</doc>
<status status="PASS" start="2026-05-06T19:46:13.185554" elapsed="0.495501"/>
</kw>
<kw name="Sleep" owner="BuiltIn">
<msg time="2026-05-06T19:46:15.682223" level="INFO">Slept 2 seconds.</msg>
<arg>2s</arg>
<doc>Pauses the test executed for the given time.</doc>
<status status="PASS" start="2026-05-06T19:46:13.681055" elapsed="2.001168"/>
</kw>
<kw name="Wait Until Element Is Visible" owner="SeleniumLibrary">
<arg>${Options_Tab}</arg>
<arg>${MaxTime}</arg>
<doc>Waits until the element ``locator`` is visible.</doc>
<status status="PASS" start="2026-05-06T19:46:15.682223" elapsed="0.233117"/>
</kw>
<status status="PASS" start="2026-05-06T19:46:03.700573" elapsed="12.214767"/>
</kw>
<kw name="And User Publishes The Procedure" owner="AuthorScreen">
<kw name="Log" owner="BuiltIn">
<msg time="2026-05-06T19:46:15.916346" level="INFO">This Keyword might fail as the publish button is disabled intermittently</msg>
<arg>This Keyword might fail as the publish button is disabled intermittently</arg>
<doc>Logs the given message with the given level.</doc>
<status status="PASS" start="2026-05-06T19:46:15.916346" elapsed="0.000000"/>
</kw>
<kw name="Wait For The Element And Click" owner="Common">
<kw name="Run Keyword And Ignore Error" owner="BuiltIn">
<kw name="Wait Until Element Is Visible" owner="SeleniumLibrary">
<arg>${locator}</arg>
<arg>${Max_limit}</arg>
<doc>Waits until the element ``locator`` is visible.</doc>
<status status="PASS" start="2026-05-06T19:46:15.918360" elapsed="0.236693"/>
</kw>
<arg>Wait Until Element Is Visible</arg>
<arg>${locator}</arg>
<arg>${Max_limit}</arg>
<doc>Runs the given keyword with the given arguments and ignores possible error.</doc>
<status status="PASS" start="2026-05-06T19:46:15.918360" elapsed="0.236693"/>
</kw>
<kw name="Wait Until Keyword Succeeds" owner="BuiltIn">
<kw name="Click Element" owner="SeleniumLibrary">
<msg time="2026-05-06T19:46:16.157089" level="INFO">Clicking element '//div[contains(@class, "option selectable")]'.</msg>
<arg>${locator}</arg>
<doc>Click the element identified by ``locator``.</doc>
<status status="PASS" start="2026-05-06T19:46:16.156083" elapsed="0.380799"/>
</kw>
<arg>10x</arg>
<arg>2s</arg>
<arg>Click Element</arg>
<arg>${locator}</arg>
<doc>Runs the specified keyword and retries if it fails.</doc>
<status status="PASS" start="2026-05-06T19:46:16.156083" elapsed="0.380799"/>
</kw>
<arg>${GENERAL_DETAILS_SECTION}</arg>
<doc>To Wait For The Element And Click</doc>
<status status="PASS" start="2026-05-06T19:46:15.916346" elapsed="0.620536"/>
</kw>
<kw name="Generate Random String" owner="String">
<msg time="2026-05-06T19:46:16.537899" level="INFO">${UniqueNumbertest} = 0744</msg>
<var>${UniqueNumbertest}</var>
<arg>4</arg>
<arg>[NUMBERS]</arg>
<doc>Generates a string with a desired ``length`` from the given ``chars``.</doc>
<status status="PASS" start="2026-05-06T19:46:16.536882" elapsed="0.001017"/>
</kw>
<kw name="Wait Until Element Is Visible" owner="SeleniumLibrary">
<arg>${Publish Procedure}</arg>
<arg>${MaxTime}</arg>
<doc>Waits until the element ``locator`` is visible.</doc>
<status status="PASS" start="2026-05-06T19:46:16.538917" elapsed="0.242842"/>
</kw>
<kw name="Wait Until Keyword Succeeds" owner="BuiltIn">
<kw name="Click Element" owner="SeleniumLibrary">
<msg time="2026-05-06T19:46:16.783770" level="INFO">Clicking element '//button[normalize-space()= "Publish"]'.</msg>
<msg time="2026-05-06T19:46:17.432252" level="INFO" html="true">&lt;/td&gt;&lt;/tr&gt;&lt;tr&gt;&lt;td colspan="3"&gt;&lt;a href="selenium-screenshot-1470.png"&gt;&lt;img src="selenium-screenshot-1470.png" width="800px"&gt;&lt;/a&gt;</msg>
<msg time="2026-05-06T19:46:17.432252" level="FAIL">StaleElementReferenceException: Message: stale element reference: stale element not found in the current frame
  (Session info: chrome=147.0.7727.102); For documentation on this error, please visit: https://www.selenium.dev/documentation/webdriver/troubleshooting/errors#staleelementreferenceexception
Stacktrace:
	chromedriver!GetHandleVerifier [0x7ff721f836a5+15b35]
	chromedriver!GetHandleVerifier [0x7ff721f83710+15ba0]
	chromedriver!(No symbol) [0x7ff721ccd8dd]
	chromedriver!(No symbol) [0x7ff721cd5851]
	chromedriver!(No symbol) [0x7ff721cd8965]
	chromedriver!(No symbol) [0x7ff721cd8a2f]
	chromedriver!(No symbol) [0x7ff721d28ef0]
	chromedriver!(No symbol) [0x7ff721d1b19f]
	chromedriver!(No symbol) [0x7ff721d5002a]
	chromedriver!(No symbol) [0x7ff721d1aab6]
	chromedriver!(No symbol) [0x7ff721d74df3]
	chromedriver!(No symbol) [0x7ff721d19348]
	chromedriver!(No symbol) [0x7ff721d1a233]
	chromedriver!GetHandleVerifier [0x7ff722275cf9+308189]
	chromedriver!GetHandleVerifier [0x7ff72227040a+30289a]
	chromedriver!GetHandleVerifier [0x7ff7222916b2+323b42]
	chromedriver!GetHandleVerifier [0x7ff721fa0ab5+32f45]
	chromedriver!GetHandleVerifier [0x7ff721faa0cc+3c55c]
	chromedriver!GetHandleVerifier [0x7ff721f8c9f4+1ee84]
	chromedriver!GetHandleVerifier [0x7ff721f8cba6+1f036]
	chromedriver!GetHandleVerifier [0x7ff721f70957+2de7]
	KERNEL32!BaseThreadInitThunk [0x7ffd6461e8d7+17]
	ntdll!RtlUserThreadStart [0x7ffd65f4c3fc+2c]
</msg>
<arg>${Publish Procedure}</arg>
<doc>Click the element identified by ``locator``.</doc>
<status status="FAIL" start="2026-05-06T19:46:16.782775" elapsed="0.654558">StaleElementReferenceException: Message: stale element reference: stale element not found in the current frame
  (Session info: chrome=147.0.7727.102); For documentation on this error, please visit: https://www.selenium.dev/documentation/webdriver/troubleshooting/errors#staleelementreferenceexception
Stacktrace:
	chromedriver!GetHandleVerifier [0x7ff721f836a5+15b35]
	chromedriver!GetHandleVerifier [0x7ff721f83710+15ba0]
	chromedriver!(No symbol) [0x7ff721ccd8dd]
	chromedriver!(No symbol) [0x7ff721cd5851]
	chromedriver!(No symbol) [0x7ff721cd8965]
	chromedriver!(No symbol) [0x7ff721cd8a2f]
	chromedriver!(No symbol) [0x7ff721d28ef0]
	chromedriver!(No symbol) [0x7ff721d1b19f]
	chromedriver!(No symbol) [0x7ff721d5002a]
	chromedriver!(No symbol) [0x7ff721d1aab6]
	chromedriver!(No symbol) [0x7ff721d74df3]
	chromedriver!(No symbol) [0x7ff721d19348]
	chromedriver!(No symbol) [0x7ff721d1a233]
	chromedriver!GetHandleVerifier [0x7ff722275cf9+308189]
	chromedriver!GetHandleVerifier [0x7ff72227040a+30289a]
	chromedriver!GetHandleVerifier [0x7ff7222916b2+323b42]
	chromedriver!GetHandleVerifier [0x7ff721fa0ab5+32f45]
	chromedriver!GetHandleVerifier [0x7ff721faa0cc+3c55c]
	chromedriver!GetHandleVerifier [0x7ff721f8c9f4+1ee84]
	chromedriver!GetHandleVerifier [0x7ff721f8cba6+1f036]
	chromedriver!GetHandleVerifier [0x7ff721f70957+2de7]
	KERNEL32!BaseThreadInitThunk [0x7ffd6461e8d7+17]
	ntdll!RtlUserThreadStart [0x7ffd65f4c3fc+2c]
</status>
</kw>
<kw name="Click Element" owner="SeleniumLibrary">
<msg time="2026-05-06T19:46:18.438168" level="INFO">Clicking element '//button[normalize-space()= "Publish"]'.</msg>
<arg>${Publish Procedure}</arg>
<doc>Click the element identified by ``locator``.</doc>
<status status="PASS" start="2026-05-06T19:46:18.437658" elapsed="0.321239"/>
</kw>
<arg>5x</arg>
<arg>1s</arg>
<arg>Click Element</arg>
<arg>${Publish Procedure}</arg>
<doc>Runs the specified keyword and retries if it fails.</doc>
<status status="PASS" start="2026-05-06T19:46:16.781759" elapsed="1.977138"/>
</kw>
<kw name="Wait Until Element Is Not Visible" owner="SeleniumLibrary">
<arg>${LoadingBar}</arg>
<arg>${MaxTime}</arg>
<doc>Waits until the element ``locator`` is not visible.</doc>
<status status="PASS" start="2026-05-06T19:46:18.758897" elapsed="1.030888"/>
</kw>
<kw name="Wait Until Element Is Visible" owner="SeleniumLibrary">
<arg>${Publish_Label}</arg>
<arg>${MaxTime}</arg>
<doc>Waits until the element ``locator`` is visible.</doc>
<status status="PASS" start="2026-05-06T19:46:19.790369" elapsed="0.268100"/>
</kw>
<kw name="Sleep" owner="BuiltIn">
<msg time="2026-05-06T19:46:23.059959" level="INFO">Slept 3 seconds.</msg>
<arg>3s</arg>
<doc>Pauses the test executed for the given time.</doc>
<status status="PASS" start="2026-05-06T19:46:20.058977" elapsed="3.000982"/>
</kw>
<kw name="Wait Until Element Is Not Visible" owner="SeleniumLibrary">
<arg>${LoadingBar}</arg>
<arg>${MaxTime}</arg>
<doc>Waits until the element ``locator`` is not visible.</doc>
<status status="PASS" start="2026-05-06T19:46:23.059959" elapsed="0.121235"/>
</kw>
<kw name="Wait Until Keyword Succeeds" owner="BuiltIn">
<kw name="Click Element" owner="SeleniumLibrary">
<msg time="2026-05-06T19:46:23.182246" level="INFO">Clicking element '//*[contains(@id,"cdk-overlay")]//input[contains(@data-testid, "shared-text-input")]'.</msg>
<arg>${CRCO_Number}</arg>
<doc>Click the element identified by ``locator``.</doc>
<status status="PASS" start="2026-05-06T19:46:23.182246" elapsed="0.324070"/>
</kw>
<arg>20s</arg>
<arg>2s</arg>
<arg>Click Element</arg>
<arg>${CRCO_Number}</arg>
<doc>Runs the specified keyword and retries if it fails.</doc>
<status status="PASS" start="2026-05-06T19:46:23.181194" elapsed="0.325122"/>
</kw>
<kw name="Click Element" owner="SeleniumLibrary">
<msg time="2026-05-06T19:46:23.506316" level="INFO">Clicking element '//*[contains(@id,"cdk-overlay")]//input[contains(@data-testid, "shared-text-input")]'.</msg>
<arg>${CRCO_Number}</arg>
<doc>Click the element identified by ``locator``.</doc>
<status status="PASS" start="2026-05-06T19:46:23.506316" elapsed="0.317164"/>
</kw>
<kw name="Input Text" owner="SeleniumLibrary">
<msg time="2026-05-06T19:46:23.823989" level="INFO">Typing text 'CRCO-0744' into text field '//*[contains(@id,"cdk-overlay")]//input[contains(@data-testid, "shared-text-input")]'.</msg>
<arg>${CRCO_Number}</arg>
<arg>CRCO-${UniqueNumbertest}</arg>
<doc>Types the given ``text`` into the text field identified by ``locator``.</doc>
<status status="PASS" start="2026-05-06T19:46:23.823480" elapsed="0.424419"/>
</kw>
<kw name="Get Release Type" owner="CommonUtils">
<msg time="2026-05-06T19:46:24.248928" level="INFO">${TD_RELEASE_TYPE} = major</msg>
<var>${TD_RELEASE_TYPE}</var>
<status status="PASS" start="2026-05-06T19:46:24.247899" elapsed="0.001029"/>
</kw>
<kw name="Select The Release" owner="AuthorScreen">
<kw name="Replace String" owner="String">
<msg time="2026-05-06T19:46:24.250921" level="INFO">${LOCATOR} = xpath://input[@type="radio" and @value='major']</msg>
<var>${LOCATOR}</var>
<arg>${RELEASE_RADIO_BUTTON}</arg>
<arg>RELEASE_TYPE</arg>
<arg>${ARG}</arg>
<doc>Replaces ``search_for`` in the given ``string`` with ``replace_with``.</doc>
<status status="PASS" start="2026-05-06T19:46:24.250921" elapsed="0.000000"/>
</kw>
<kw name="Wait Until Keyword Succeeds" owner="BuiltIn">
<kw name="Click Element" owner="SeleniumLibrary">
<msg time="2026-05-06T19:46:24.252918" level="INFO">Clicking element 'xpath://input[@type="radio" and @value='major']'.</msg>
<arg>${LOCATOR}</arg>
<doc>Click the element identified by ``locator``.</doc>
<status status="PASS" start="2026-05-06T19:46:24.251918" elapsed="0.337223"/>
</kw>
<arg>5x</arg>
<arg>1s</arg>
<arg>Click Element</arg>
<arg>${LOCATOR}</arg>
<doc>Runs the specified keyword and retries if it fails.</doc>
<status status="PASS" start="2026-05-06T19:46:24.251918" elapsed="0.337223"/>
</kw>
<arg>${TD_RELEASE_TYPE}</arg>
<doc>To Select The Release</doc>
<status status="PASS" start="2026-05-06T19:46:24.249920" elapsed="0.339221"/>
</kw>
<kw name="Get Text" owner="SeleniumLibrary">
<msg time="2026-05-06T19:46:24.840462" level="INFO">${text} = 1.0</msg>
<var>${text}</var>
<arg>${Version_Value}</arg>
<doc>Returns the text value of the element identified by ``locator``.</doc>
<status status="PASS" start="2026-05-06T19:46:24.590415" elapsed="0.250047"/>
</kw>
<if>
<branch type="IF" condition="'${EXISTING_PROCEDURE}'=='True'">
<try>
<branch type="TRY">
<kw name="Get Current Release Version" owner="CommonUtils">
<var>${TD_VERSION}</var>
<arg>${TD_RELEASE_TYPE}</arg>
<arg>${TD_PROCEDURE_VERSION}</arg>
<status status="NOT RUN" start="2026-05-06T19:46:24.842606" elapsed="0.000000"/>
</kw>
<status status="NOT RUN" start="2026-05-06T19:46:24.842606" elapsed="0.000000"/>
</branch>
<branch type="EXCEPT">
<kw name="Get Current Release Version" owner="CommonUtils">
<var>${TD_VERSION}</var>
<arg>${TD_RELEASE_TYPE}</arg>
<arg>${TD_VERSION}</arg>
<status status="NOT RUN" start="2026-05-06T19:46:24.843522" elapsed="0.000000"/>
</kw>
[...]
</kw>
<kw name="Mouse Over" owner="SeleniumLibrary">
<msg time="2026-05-06T19:50:53.090194" level="INFO">Simulating Mouse Over on element '//button//span[normalize-space()='Add New']'.</msg>
<msg time="2026-05-06T19:50:53.539227" level="INFO" html="true">&lt;/td&gt;&lt;/tr&gt;&lt;tr&gt;&lt;td colspan="3"&gt;&lt;a href="selenium-screenshot-1495.png"&gt;&lt;img src="selenium-screenshot-1495.png" width="800px"&gt;&lt;/a&gt;</msg>
<msg time="2026-05-06T19:50:53.539227" level="FAIL">Element with locator '//button//span[normalize-space()='Add New']' not found.</msg>
<arg>${ADD_BUTTON_ON_PROCEDURE_LIST_PAGE}</arg>
<doc>Simulates hovering the mouse over the element ``locator``.</doc>
<status status="FAIL" start="2026-05-06T19:50:53.089154" elapsed="0.453410">Element with locator '//button//span[normalize-space()='Add New']' not found.</status>
</kw>
<status status="FAIL" start="2026-05-06T19:49:52.512138" elapsed="61.031705">Several failures occurred:

1) Element '//button//span[normalize-space()='Add New']' not visible after 1 minute.

2) Element with locator '//button//span[normalize-space()='Add New']' not found.</status>
</branch>
<branch type="EXCEPT">
<kw name="Mouse Over" owner="SeleniumLibrary">
<msg time="2026-05-06T19:50:53.544841" level="INFO">Simulating Mouse Over on element '//section[@class="header"]//button'.</msg>
<arg>${BELL_ICON_ON_LIST_PAGE}</arg>
<doc>Simulates hovering the mouse over the element ``locator``.</doc>
<status status="PASS" start="2026-05-06T19:50:53.544841" elapsed="0.526548"/>
</kw>
<status status="PASS" start="2026-05-06T19:50:53.543843" elapsed="0.527546"/>
</branch>
<status status="PASS" start="2026-05-06T19:49:52.512138" elapsed="61.559771"/>
</try>
<doc>To Navigate To Procedures List Page</doc>
<status status="FAIL" start="2026-05-06T19:48:21.819080" elapsed="152.252829">Keyword 'Click Element' failed after retrying 10 times. The last error was: ElementNotInteractableException: Message: element not interactable
  (Session info: chrome=147.0.7727.102); For documentation on this error, please visit: https://www.selenium.dev/documentation/webdriver/troubleshooting/errors#elementnotinteractableexception
Stacktrace:
	chromedriver!GetHandleVerifier [0x7ff721f836a5+15b35]
	chromedriver!GetHandleVerifier [0x7ff721f83710+15ba0]
	chromedriver!(No symbol) [0x7ff721ccd6c6]
	chromedriver!(No symbol) [0x7ff721d281d4]
	chromedriver!(No symbol) [0x7ff721d1b236]
	chromedriver!(No symbol) [0x7ff721d5002a]
	chromedriver!(No symbol) [0x7ff721d1aab6]
	chromedriver!(No symbol) [0x7ff721d74df3]
	chromedriver!(No symbol) [0x7ff721d19348]
	chromedriver!(No symbol) [0x7ff721d1a233]
	chromedriver!GetHandleVerifier [0x7ff722275cf9+308189]
	chromedriver!GetHandleVerifier [0x7ff72227040a+30289a]
	chromedriver!GetHandleVerifier [0x7ff7222916b2+323b42]
	chromedriver!GetHandleVerifier [0x7ff721fa0ab5+32f45]
	chromedriver!GetHandleVerifier [0x7ff721faa0cc+3c55c]
	chromedriver!GetHandleVerifier [0x7ff721f8c9f4+1ee84]
	chromedriver!GetHandleVerifier [0x7ff721f8cba6+1f036]
	chromedriver!GetHandleVerifier [0x7ff721f70957+2de7]
	KERNEL32!BaseThreadInitThunk [0x7ffd6461e8d7+17]
	ntdll!RtlUserThreadStart [0x7ffd65f4c3fc+2c]
</status>
</kw>
<msg time="2026-05-06T19:50:54.071909" level="INFO">${status} = False</msg>
<var>${status}</var>
<arg>Navigate To Procedures List Page</arg>
<doc>Runs the given keyword with given arguments and returns the status as a Boolean value.</doc>
<status status="PASS" start="2026-05-06T19:48:21.819080" elapsed="152.252829"/>
</kw>
<kw name="Run Keyword If" owner="BuiltIn">
<arg>${status}</arg>
<arg>RETURN FROM KEYWORD</arg>
<doc>Runs the given keyword with the given arguments, if ``condition`` is true.</doc>
<status status="PASS" start="2026-05-06T19:50:54.072973" elapsed="0.000000"/>
</kw>
<kw name="Close Browser" owner="SeleniumLibrary">
<doc>Closes the current browser.</doc>
<status status="PASS" start="2026-05-06T19:50:54.076128" elapsed="3.261353"/>
</kw>
<kw name="Login To Mentor Application" owner="Login">
<kw name="Launch Mentor Application" owner="Login">
<kw name="Evaluate" owner="BuiltIn">
<msg time="2026-05-06T19:50:57.347514" level="INFO">${options} = &lt;selenium.webdriver.chrome.options.Options object at 0x000001FA7E46BE50&gt;</msg>
<var>${options}</var>
<arg>selenium.webdriver.ChromeOptions()</arg>
<arg>modules=selenium.webdriver</arg>
<doc>Evaluates the given expression in Python and returns the result.</doc>
<status status="PASS" start="2026-05-06T19:50:57.341488" elapsed="0.006026"/>
</kw>
<kw name="Call Method" owner="BuiltIn">
<arg>${options}</arg>
<arg>add_argument</arg>
<arg>window-size\=1920,1080</arg>
<doc>Calls the named method of the given object with the provided arguments.</doc>
<status status="PASS" start="2026-05-06T19:50:57.347514" elapsed="0.000976"/>
</kw>
<kw name="Call Method" owner="BuiltIn">
<arg>${options}</arg>
<arg>add_argument</arg>
<arg>--no-sandbox</arg>
<doc>Calls the named method of the given object with the provided arguments.</doc>
<status status="PASS" start="2026-05-06T19:50:57.348490" elapsed="0.000000"/>
</kw>
<kw name="Call Method" owner="BuiltIn">
<arg>${options}</arg>
<arg>add_argument</arg>
<arg>--disable-dev-shm-usage</arg>
<doc>Calls the named method of the given object with the provided arguments.</doc>
<status status="PASS" start="2026-05-06T19:50:57.348490" elapsed="0.000998"/>
</kw>
<kw name="Call Method" owner="BuiltIn">
<arg>${options}</arg>
<arg>add_argument</arg>
<arg>--disable-notifications</arg>
<doc>Calls the named method of the given object with the provided arguments.</doc>
<status status="PASS" start="2026-05-06T19:50:57.350494" elapsed="0.000000"/>
</kw>
<kw name="Call Method" owner="BuiltIn">
<arg>${options}</arg>
<arg>add_argument</arg>
<arg>--disable-gpu</arg>
<doc>Calls the named method of the given object with the provided arguments.</doc>
<status status="PASS" start="2026-05-06T19:50:57.350494" elapsed="0.000998"/>
</kw>
<kw name="Log" owner="BuiltIn">
<msg time="2026-05-06T19:50:57.351492" level="INFO">alias=None</msg>
<arg>alias=${browser_alias}</arg>
<doc>Logs the given message with the given level.</doc>
<status status="PASS" start="2026-05-06T19:50:57.351492" elapsed="0.000000"/>
</kw>
<kw name="Open Browser" owner="SeleniumLibrary">
<msg time="2026-05-06T19:50:57.356327" level="INFO">Opening browser 'chrome' to base url 'https://mentor-uat3.cdsvisual.net'.</msg>
<arg>${Url}</arg>
<arg>chrome</arg>
<arg>options=${options}</arg>
<arg>alias=${browser_alias}</arg>
<doc>Opens a new browser instance to the optional ``url``.</doc>
<status status="PASS" start="2026-05-06T19:50:57.353506" elapsed="10.977944"/>
</kw>
<kw name="Maximize Browser Window" owner="SeleniumLibrary">
<doc>Maximizes current browser window.</doc>
<status status="PASS" start="2026-05-06T19:51:08.332627" elapsed="0.471083"/>
</kw>
<arg>${browser_alias}</arg>
<status status="PASS" start="2026-05-06T19:50:57.341488" elapsed="11.462222"/>
</kw>
<kw name="Verify Base Sign In Page" owner="Login">
<kw name="Wait Until Element Is Visible" owner="SeleniumLibrary">
<arg>${EmailField}</arg>
<arg>${MaxTime}</arg>
<doc>Waits until the element ``locator`` is visible.</doc>
<status status="PASS" start="2026-05-06T19:51:08.805725" elapsed="0.253644"/>
</kw>
<kw name="Input Text" owner="SeleniumLibrary">
<msg time="2026-05-06T19:51:09.059369" level="INFO">Typing text 'uatautoauthor1@mailinator.com' into text field '//input[@type="email"] | //input[@id="signInName"]'.</msg>
<arg>${EmailField}</arg>
<arg>${Email}</arg>
<doc>Types the given ``text`` into the text field identified by ``locator``.</doc>
<status status="PASS" start="2026-05-06T19:51:09.059369" elapsed="0.717072"/>
</kw>
<kw name="Select Checkbox" owner="SeleniumLibrary">
<msg time="2026-05-06T19:51:09.778458" level="INFO">Selecting checkbox '//input[@name="eula"]'.</msg>
<arg>${Eula}</arg>
<doc>Selects the checkbox identified by ``locator``.</doc>
<status status="PASS" start="2026-05-06T19:51:09.776441" elapsed="1.469938"/>
</kw>
<kw name="Wait Until Element Is Visible" owner="SeleniumLibrary">
<arg>${EULALink}</arg>
<arg>${MaxTime}</arg>
<doc>Waits until the element ``locator`` is visible.</doc>
<status status="PASS" start="2026-05-06T19:51:11.246931" elapsed="0.240146"/>
</kw>
<kw name="Wait Until Element Is Visible" owner="SeleniumLibrary">
<arg>${EulaText}</arg>
<arg>${MaxTime}</arg>
<doc>Waits until the element ``locator`` is visible.</doc>
<status status="PASS" start="2026-05-06T19:51:11.487632" elapsed="0.239211"/>
</kw>
<arg>${UserEmail}</arg>
<status status="PASS" start="2026-05-06T19:51:08.803710" elapsed="2.923133"/>
</kw>
<kw name="Click On Sign In" owner="Login">
<kw name="Click Element" owner="SeleniumLibrary">
<msg time="2026-05-06T19:51:11.729948" level="INFO">Clicking element '//button[text()="Sign In"]| //button[@id="next"]'.</msg>
<arg>${SignIn_Button}</arg>
<doc>Click the element identified by ``locator``.</doc>
<status status="PASS" start="2026-05-06T19:51:11.728854" elapsed="0.343903"/>
</kw>
<status status="PASS" start="2026-05-06T19:51:11.727859" elapsed="0.344898"/>
</kw>
<kw name="Verify Main Sign In page" owner="Login">
<kw name="Wait Until Element Is Visible" owner="SeleniumLibrary">
<arg>${CompanyLogo}</arg>
<arg>${MaxTime}</arg>
<doc>Waits until the element ``locator`` is visible.</doc>
<status status="PASS" start="2026-05-06T19:51:12.074770" elapsed="5.740011"/>
</kw>
<kw name="Element Should Be Visible" owner="SeleniumLibrary">
<msg time="2026-05-06T19:51:18.047830" level="INFO">Element '//input[@id="password"]' is displayed.</msg>
<arg>${password}</arg>
<doc>Verifies that the element identified by ``locator`` is visible.</doc>
<status status="PASS" start="2026-05-06T19:51:17.815317" elapsed="0.232513"/>
</kw>
<kw name="Input Text" owner="SeleniumLibrary">
<msg time="2026-05-06T19:51:18.048375" level="INFO">Typing text 'uatautoauthor1@mailinator.com' into text field '//input[@type="email"] | //input[@id="signInName"]'.</msg>
<arg>${EmailField}</arg>
<arg>${Email}</arg>
<doc>Types the given ``text`` into the text field identified by ``locator``.</doc>
<status status="PASS" start="2026-05-06T19:51:18.047830" elapsed="0.595703"/>
</kw>
<kw name="Input Text" owner="SeleniumLibrary">
<msg time="2026-05-06T19:51:18.644567" level="INFO">Typing text 'qwertyuiop12@A' into text field '//input[@id="password"]'.</msg>
<arg>${password}</arg>
<arg>${UserPassword}</arg>
<doc>Types the given ``text`` into the text field identified by ``locator``.</doc>
<status status="PASS" start="2026-05-06T19:51:18.643533" elapsed="0.500117"/>
</kw>
<kw name="Double Click Element" owner="SeleniumLibrary">
<msg time="2026-05-06T19:51:19.144724" level="INFO">Double clicking element '//button[text()="Sign In"]| //button[@id="next"]'.</msg>
<arg>${SignIn_Button}</arg>
<doc>Double clicks the element identified by ``locator``.</doc>
<status status="PASS" start="2026-05-06T19:51:19.143650" elapsed="0.552248"/>
</kw>
<kw name="wait for the page to load" owner="Common">
<kw name="Run Keyword And Ignore Error" owner="BuiltIn">
<kw name="Wait Until Element Is Visible" owner="SeleniumLibrary">
<arg>${LoadingBar}</arg>
<doc>Waits until the element ``locator`` is visible.</doc>
<status status="PASS" start="2026-05-06T19:51:19.698922" elapsed="7.212365"/>
</kw>
<arg>Wait Until Element Is Visible</arg>
<arg>${LoadingBar}</arg>
<doc>Runs the given keyword with the given arguments and ignores possible error.</doc>
<status status="PASS" start="2026-05-06T19:51:19.697969" elapsed="7.214338"/>
</kw>
<kw name="Run Keyword And Ignore Error" owner="BuiltIn">
<kw name="Wait Until Element Is Not Visible" owner="SeleniumLibrary">
<msg time="2026-05-06T19:51:27.449106" level="INFO">Suppressing StaleElementReferenceException from Selenium.</msg>
<arg>${LoadingBar}</arg>
<arg>120s</arg>
<doc>Waits until the element ``locator`` is not visible.</doc>
<status status="PASS" start="2026-05-06T19:51:26.913345" elapsed="1.071687"/>
</kw>
<arg>Wait Until Element Is Not Visible</arg>
<arg>${LoadingBar}</arg>
<arg>120s</arg>
<doc>Runs the given keyword with the given arguments and ignores possible error.</doc>
<status status="PASS" start="2026-05-06T19:51:26.912307" elapsed="1.073250"/>
</kw>
<status status="PASS" start="2026-05-06T19:51:19.696977" elapsed="8.288580"/>
</kw>
<arg>${UserEmail}</arg>
<arg>${UserPassword}</arg>
<status status="PASS" start="2026-05-06T19:51:12.073804" elapsed="15.912762"/>
</kw>
<arg>${AUTHOR1_EMAIL}</arg>
<arg>${AUTHOR1_PASS}</arg>
<status status="PASS" start="2026-05-06T19:50:57.338491" elapsed="30.648075"/>
</kw>
<kw name="Navigate To Procedures List Page" owner="AuthorScreen">
<kw name="Wait Until Element Is Visible" owner="SeleniumLibrary">
<arg>${DASHBOARD_LINK}</arg>
<arg>${Max_limit}</arg>
<doc>Waits until the element ``locator`` is visible.</doc>
<status status="PASS" start="2026-05-06T19:51:27.990115" elapsed="0.268785"/>
</kw>
<kw name="Wait Until Keyword Succeeds" owner="BuiltIn">
<kw name="Mouse Over" owner="SeleniumLibrary">
<msg time="2026-05-06T19:51:28.262952" level="INFO">Simulating Mouse Over on element 'xpath://span[.='Dashboard']/..'.</msg>
<arg>${DASHBOARD_LINK}</arg>
<doc>Simulates hovering the mouse over the element ``locator``.</doc>
<status status="PASS" start="2026-05-06T19:51:28.261969" elapsed="0.525097"/>
</kw>
<arg>10x</arg>
<arg>1s</arg>
<arg>Mouse Over</arg>
<arg>${DASHBOARD_LINK}</arg>
<doc>Runs the specified keyword and retries if it fails.</doc>
<status status="PASS" start="2026-05-06T19:51:28.259966" elapsed="0.527618"/>
</kw>
<kw name="Run Keyword And Return Status" owner="BuiltIn">
<kw name="Wait Until Element Is Visible" owner="SeleniumLibrary">
<arg>${PROCEDURE_TAB}</arg>
<doc>Waits until the element ``locator`` is visible.</doc>
<status status="PASS" start="2026-05-06T19:51:28.788653" elapsed="2.628796"/>
</kw>
<msg time="2026-05-06T19:51:31.418052" level="INFO">${STATUS} = True</msg>
<var>${STATUS}</var>
<arg>Wait Until Element Is Visible</arg>
<arg>${PROCEDURE_TAB}</arg>
<doc>Runs the given keyword with given arguments and returns the status as a Boolean value.</doc>
<status status="PASS" start="2026-05-06T19:51:28.787584" elapsed="2.630468"/>
</kw>
<kw name="Wait For The Element And Click" owner="Common">
<kw name="Run Keyword And Ignore Error" owner="BuiltIn">
<kw name="Wait Until Element Is Visible" owner="SeleniumLibrary">
<arg>${locator}</arg>
<arg>${Max_limit}</arg>
<doc>Waits until the element ``locator`` is visible.</doc>
<status status="PASS" start="2026-05-06T19:51:31.420149" elapsed="0.245383"/>
</kw>
<arg>Wait Until Element Is Visible</arg>
<arg>${locator}</arg>
<arg>${Max_limit}</arg>
<doc>Runs the given keyword with the given arguments and ignores possible error.</doc>
<status status="PASS" start="2026-05-06T19:51:31.419152" elapsed="0.246380"/>
</kw>
<kw name="Wait Until Keyword Succeeds" owner="BuiltIn">
<kw name="Click Element" owner="SeleniumLibrary">
<msg time="2026-05-06T19:51:31.667173" level="INFO">Clicking element 'xpath:(//mat-tree-node)[2]//span'.</msg>
<arg>${locator}</arg>
<doc>Click the element identified by ``locator``.</doc>
<status status="PASS" start="2026-05-06T19:51:31.666099" elapsed="0.355957"/>
</kw>
<arg>10x</arg>
<arg>2s</arg>
<arg>Click Element</arg>
<arg>${locator}</arg>
<doc>Runs the specified keyword and retries if it fails.</doc>
<status status="PASS" start="2026-05-06T19:51:31.666099" elapsed="0.355957"/>
</kw>
<arg>${PROCEDURE_TAB}</arg>
<doc>To Wait For The Element And Click</doc>
<status status="PASS" start="2026-05-06T19:51:31.418052" elapsed="0.604004"/>
</kw>
<try>
<branch type="TRY">
<kw name="Wait Until Element Is Visible" owner="SeleniumLibrary">
<arg>${ADD_BUTTON_ON_PROCEDURE_LIST_PAGE}</arg>
<arg>${Max_limit}</arg>
<doc>Waits until the element ``locator`` is visible.</doc>
<status status="PASS" start="2026-05-06T19:51:32.023491" elapsed="0.233950"/>
</kw>
<kw name="Mouse Over" owner="SeleniumLibrary">
<msg time="2026-05-06T19:51:32.257441" level="INFO">Simulating Mouse Over on element '//button//span[normalize-space()='Add New']'.</msg>
<arg>${ADD_BUTTON_ON_PROCEDURE_LIST_PAGE}</arg>
<doc>Simulates hovering the mouse over the element ``locator``.</doc>
<status status="PASS" start="2026-05-06T19:51:32.257441" elapsed="0.507962"/>
</kw>
<status status="PASS" start="2026-05-06T19:51:32.022056" elapsed="0.743347"/>
</branch>
<branch type="EXCEPT">
<kw name="Mouse Over" owner="SeleniumLibrary">
<arg>${BELL_ICON_ON_LIST_PAGE}</arg>
<doc>Simulates hovering the mouse over the element ``locator``.</doc>
<status status="NOT RUN" start="2026-05-06T19:51:32.766437" elapsed="0.000000"/>
</kw>
<status status="NOT RUN" start="2026-05-06T19:51:32.765403" elapsed="0.001034"/>
</branch>
<status status="PASS" start="2026-05-06T19:51:32.022056" elapsed="0.744381"/>
</try>
<doc>To Navigate To Procedures List Page</doc>
<status status="PASS" start="2026-05-06T19:51:27.987583" elapsed="4.779851"/>
</kw>
<doc>To Ensure Procedures List Page Is Open</doc>
<status status="PASS" start="2026-05-06T19:48:21.818080" elapsed="190.949354"/>
</kw>
<arg>Ensure Procedures List Page Is Open</arg>
<doc>Executes the given keyword with the given arguments.</doc>
<status status="PASS" start="2026-05-06T19:48:21.818080" elapsed="190.950354"/>
</kw>
<tag>CZ-6566</tag>
<tag>CZ-6574</tag>
<status status="FAIL" start="2026-05-06T19:45:26.744761" elapsed="366.030898">Keyword 'Click Element' failed after retrying 10 times. The last error was: Element with locator '//div[@data-testid='shared-text-input-wrap']//input[@floatinglabel='false']' not found.</status>
</test>
<kw name="Close All Browsers" owner="SeleniumLibrary" type="TEARDOWN">
<doc>Closes all open browsers and resets the browser cache.</doc>
<status status="PASS" start="2026-05-06T19:51:32.786107" elapsed="2.786950"/>
</kw>
<status status="FAIL" start="2026-05-06T19:44:58.078851" elapsed="397.494206"/>
</suite>
<statistics>
<total>
<stat pass="0" fail="1" skip="0">All Tests</stat>
</total>
<tag>
<stat pass="0" fail="1" skip="0">CZ-6566</stat>
<stat pass="0" fail="1" skip="0">CZ-6574</stat>
</tag>
<suite>
<stat name="AuthorScreen" id="s1" pass="0" fail="1" skip="0">AuthorScreen</stat>
</suite>
</statistics>
<errors>
<msg time="2026-05-06T19:44:59.536991" level="ERROR">Error in file 'C:\Users\harshvardhan\Downloads\dds-cdsmentor-automation\pageobjects\keywords\ui\web\Mentor\Common\Common.resource' on line 9: Importing library 'csvLibrary' failed: ModuleNotFoundError: No module named 'csvLibrary'
Traceback (most recent call last):
  None
PYTHONPATH:
  C:\Users\harshvardhan\Downloads\dds-cdsmentor-automation\.venv1\Scripts\robot.exe
  C:\Users\harshvardhan\AppData\Local\Programs\Python\Python311\python311.zip
  C:\Users\harshvardhan\AppData\Local\Programs\Python\Python311\DLLs
  C:\Users\harshvardhan\AppData\Local\Programs\Python\Python311\Lib
  C:\Users\harshvardhan\AppData\Local\Programs\Python\Python311
  C:\Users\harshvardhan\Downloads\dds-cdsmentor-automation\.venv1
  C:\Users\harshvardhan\Downloads\dds-cdsmentor-automation\.venv1\Lib\site-packages</msg>
<msg time="2026-05-06T19:45:02.137835" level="ERROR">Error in file 'C:\Users\harshvardhan\Downloads\dds-cdsmentor-automation\pageobjects\keywords\ui\web\Mentor\BOM_BOT\BOM.resource' on line 7: Importing library 'CSVLibrary' failed: ModuleNotFoundError: No module named 'CSVLibrary'
Traceback (most recent call last):
  None
PYTHONPATH:
  C:\Users\harshvardhan\Downloads\dds-cdsmentor-automation\.venv1\Scripts\robot.exe
  C:\Users\harshvardhan\AppData\Local\Programs\Python\Python311\python311.zip
  C:\Users\harshvardhan\AppData\Local\Programs\Python\Python311\DLLs
  C:\Users\harshvardhan\AppData\Local\Programs\Python\Python311\Lib
  C:\Users\harshvardhan\AppData\Local\Programs\Python\Python311
  C:\Users\harshvardhan\Downloads\dds-cdsmentor-automation\.venv1
  C:\Users\harshvardhan\Downloads\dds-cdsmentor-automation\.venv1\Lib\site-packages</msg>
</errors>
</robot>
